Performing C SOURCE FILE Test CMAKE_HAVE_LIBC_PTHREAD failed with the following output:
Change Dir: /home/lyalyashechka/TP/c_c++/Project main/project/Server/build/CMakeFiles/CMakeTmp

Run Build Command(s):/usr/bin/gmake cmTC_a9c95/fast && /usr/bin/gmake -f CMakeFiles/cmTC_a9c95.dir/build.make CMakeFiles/cmTC_a9c95.dir/build
gmake[1]: вход в каталог «/home/lyalyashechka/TP/c_c++/Project main/project/Server/build/CMakeFiles/CMakeTmp»
Building C object CMakeFiles/cmTC_a9c95.dir/src.c.o
/usr/bin/cc   -DCMAKE_HAVE_LIBC_PTHREAD   -o CMakeFiles/cmTC_a9c95.dir/src.c.o   -c "/home/lyalyashechka/TP/c_c++/Project main/project/Server/build/CMakeFiles/CMakeTmp/src.c"
Linking C executable cmTC_a9c95
/usr/bin/cmake -E cmake_link_script CMakeFiles/cmTC_a9c95.dir/link.txt --verbose=1
/usr/bin/cc  -DCMAKE_HAVE_LIBC_PTHREAD    CMakeFiles/cmTC_a9c95.dir/src.c.o  -o cmTC_a9c95 
/usr/bin/ld: CMakeFiles/cmTC_a9c95.dir/src.c.o: в функции «main»:
src.c:(.text+0x46): неопределённая ссылка на «pthread_create»
/usr/bin/ld: src.c:(.text+0x52): неопределённая ссылка на «pthread_detach»
/usr/bin/ld: src.c:(.text+0x63): неопределённая ссылка на «pthread_join»
collect2: error: ld returned 1 exit status
gmake[1]: *** [CMakeFiles/cmTC_a9c95.dir/build.make:87: cmTC_a9c95] Ошибка 1
gmake[1]: выход из каталога «/home/lyalyashechka/TP/c_c++/Project main/project/Server/build/CMakeFiles/CMakeTmp»
gmake: *** [Makefile:121: cmTC_a9c95/fast] Ошибка 2


Source file was:
#include <pthread.h>

void* test_func(void* data)
{
  return data;
}

int main(void)
{
  pthread_t thread;
  pthread_create(&thread, NULL, test_func, NULL);
  pthread_detach(thread);
  pthread_join(thread, NULL);
  pthread_atfork(NULL, NULL, NULL);
  pthread_exit(NULL);

  return 0;
}

Determining if the function pthread_create exists in the pthreads failed with the following output:
Change Dir: /home/lyalyashechka/TP/c_c++/Project main/project/Server/build/CMakeFiles/CMakeTmp

Run Build Command(s):/usr/bin/gmake cmTC_cde8a/fast && /usr/bin/gmake -f CMakeFiles/cmTC_cde8a.dir/build.make CMakeFiles/cmTC_cde8a.dir/build
gmake[1]: вход в каталог «/home/lyalyashechka/TP/c_c++/Project main/project/Server/build/CMakeFiles/CMakeTmp»
Building C object CMakeFiles/cmTC_cde8a.dir/CheckFunctionExists.c.o
/usr/bin/cc   -DCHECK_FUNCTION_EXISTS=pthread_create   -o CMakeFiles/cmTC_cde8a.dir/CheckFunctionExists.c.o   -c /usr/share/cmake-3.16/Modules/CheckFunctionExists.c
Linking C executable cmTC_cde8a
/usr/bin/cmake -E cmake_link_script CMakeFiles/cmTC_cde8a.dir/link.txt --verbose=1
/usr/bin/cc  -DCHECK_FUNCTION_EXISTS=pthread_create    CMakeFiles/cmTC_cde8a.dir/CheckFunctionExists.c.o  -o cmTC_cde8a  -lpthreads 
/usr/bin/ld: невозможно найти -lpthreads
collect2: error: ld returned 1 exit status
gmake[1]: *** [CMakeFiles/cmTC_cde8a.dir/build.make:87: cmTC_cde8a] Ошибка 1
gmake[1]: выход из каталога «/home/lyalyashechka/TP/c_c++/Project main/project/Server/build/CMakeFiles/CMakeTmp»
gmake: *** [Makefile:121: cmTC_cde8a/fast] Ошибка 2



Performing C SOURCE FILE Test CMAKE_HAVE_LIBC_PTHREAD failed with the following output:
Change Dir: /home/lyalyashechka/TP/c_c++/cloudgitmain/CompressedCloud/project/Server/build/CMakeFiles/CMakeTmp

Run Build Command(s):/usr/bin/gmake cmTC_e10be/fast && /usr/bin/gmake -f CMakeFiles/cmTC_e10be.dir/build.make CMakeFiles/cmTC_e10be.dir/build
gmake[1]: вход в каталог «/home/lyalyashechka/TP/c_c++/cloudgitmain/CompressedCloud/project/Server/build/CMakeFiles/CMakeTmp»
Building C object CMakeFiles/cmTC_e10be.dir/src.c.o
/usr/bin/cc   -DCMAKE_HAVE_LIBC_PTHREAD   -o CMakeFiles/cmTC_e10be.dir/src.c.o   -c /home/lyalyashechka/TP/c_c++/cloudgitmain/CompressedCloud/project/Server/build/CMakeFiles/CMakeTmp/src.c
Linking C executable cmTC_e10be
/usr/bin/cmake -E cmake_link_script CMakeFiles/cmTC_e10be.dir/link.txt --verbose=1
/usr/bin/cc  -DCMAKE_HAVE_LIBC_PTHREAD    CMakeFiles/cmTC_e10be.dir/src.c.o  -o cmTC_e10be 
/usr/bin/ld: CMakeFiles/cmTC_e10be.dir/src.c.o: в функции «main»:
src.c:(.text+0x46): неопределённая ссылка на «pthread_create»
/usr/bin/ld: src.c:(.text+0x52): неопределённая ссылка на «pthread_detach»
/usr/bin/ld: src.c:(.text+0x63): неопределённая ссылка на «pthread_join»
collect2: error: ld returned 1 exit status
gmake[1]: *** [CMakeFiles/cmTC_e10be.dir/build.make:87: cmTC_e10be] Ошибка 1
gmake[1]: выход из каталога «/home/lyalyashechka/TP/c_c++/cloudgitmain/CompressedCloud/project/Server/build/CMakeFiles/CMakeTmp»
gmake: *** [Makefile:121: cmTC_e10be/fast] Ошибка 2


Source file was:
#include <pthread.h>

void* test_func(void* data)
{
  return data;
}

int main(void)
{
  pthread_t thread;
  pthread_create(&thread, NULL, test_func, NULL);
  pthread_detach(thread);
  pthread_join(thread, NULL);
  pthread_atfork(NULL, NULL, NULL);
  pthread_exit(NULL);

  return 0;
}

Determining if the function pthread_create exists in the pthreads failed with the following output:
Change Dir: /home/lyalyashechka/TP/c_c++/cloudgitmain/CompressedCloud/project/Server/build/CMakeFiles/CMakeTmp

Run Build Command(s):/usr/bin/gmake cmTC_f3aeb/fast && /usr/bin/gmake -f CMakeFiles/cmTC_f3aeb.dir/build.make CMakeFiles/cmTC_f3aeb.dir/build
gmake[1]: вход в каталог «/home/lyalyashechka/TP/c_c++/cloudgitmain/CompressedCloud/project/Server/build/CMakeFiles/CMakeTmp»
Building C object CMakeFiles/cmTC_f3aeb.dir/CheckFunctionExists.c.o
/usr/bin/cc   -DCHECK_FUNCTION_EXISTS=pthread_create   -o CMakeFiles/cmTC_f3aeb.dir/CheckFunctionExists.c.o   -c /usr/share/cmake-3.16/Modules/CheckFunctionExists.c
Linking C executable cmTC_f3aeb
/usr/bin/cmake -E cmake_link_script CMakeFiles/cmTC_f3aeb.dir/link.txt --verbose=1
/usr/bin/cc  -DCHECK_FUNCTION_EXISTS=pthread_create    CMakeFiles/cmTC_f3aeb.dir/CheckFunctionExists.c.o  -o cmTC_f3aeb  -lpthreads 
/usr/bin/ld: невозможно найти -lpthreads
collect2: error: ld returned 1 exit status
gmake[1]: *** [CMakeFiles/cmTC_f3aeb.dir/build.make:87: cmTC_f3aeb] Ошибка 1
gmake[1]: выход из каталога «/home/lyalyashechka/TP/c_c++/cloudgitmain/CompressedCloud/project/Server/build/CMakeFiles/CMakeTmp»
gmake: *** [Makefile:121: cmTC_f3aeb/fast] Ошибка 2



Performing C SOURCE FILE Test CMAKE_HAVE_LIBC_PTHREAD failed with the following output:
Change Dir: /home/lyalyashechka/TP/c_c++/cloudgitmain/CompressedCloud/project/Server/build/CMakeFiles/CMakeTmp

Run Build Command(s):/usr/bin/gmake cmTC_b5e0b/fast && /usr/bin/gmake -f CMakeFiles/cmTC_b5e0b.dir/build.make CMakeFiles/cmTC_b5e0b.dir/build
gmake[1]: вход в каталог «/home/lyalyashechka/TP/c_c++/cloudgitmain/CompressedCloud/project/Server/build/CMakeFiles/CMakeTmp»
Building C object CMakeFiles/cmTC_b5e0b.dir/src.c.o
/usr/bin/cc   -DCMAKE_HAVE_LIBC_PTHREAD   -o CMakeFiles/cmTC_b5e0b.dir/src.c.o   -c /home/lyalyashechka/TP/c_c++/cloudgitmain/CompressedCloud/project/Server/build/CMakeFiles/CMakeTmp/src.c
Linking C executable cmTC_b5e0b
/usr/bin/cmake -E cmake_link_script CMakeFiles/cmTC_b5e0b.dir/link.txt --verbose=1
/usr/bin/cc  -DCMAKE_HAVE_LIBC_PTHREAD    CMakeFiles/cmTC_b5e0b.dir/src.c.o  -o cmTC_b5e0b 
/usr/bin/ld: CMakeFiles/cmTC_b5e0b.dir/src.c.o: в функции «main»:
src.c:(.text+0x46): неопределённая ссылка на «pthread_create»
/usr/bin/ld: src.c:(.text+0x52): неопределённая ссылка на «pthread_detach»
/usr/bin/ld: src.c:(.text+0x63): неопределённая ссылка на «pthread_join»
collect2: error: ld returned 1 exit status
gmake[1]: *** [CMakeFiles/cmTC_b5e0b.dir/build.make:87: cmTC_b5e0b] Ошибка 1
gmake[1]: выход из каталога «/home/lyalyashechka/TP/c_c++/cloudgitmain/CompressedCloud/project/Server/build/CMakeFiles/CMakeTmp»
gmake: *** [Makefile:121: cmTC_b5e0b/fast] Ошибка 2


Source file was:
#include <pthread.h>

void* test_func(void* data)
{
  return data;
}

int main(void)
{
  pthread_t thread;
  pthread_create(&thread, NULL, test_func, NULL);
  pthread_detach(thread);
  pthread_join(thread, NULL);
  pthread_atfork(NULL, NULL, NULL);
  pthread_exit(NULL);

  return 0;
}

Determining if the function pthread_create exists in the pthreads failed with the following output:
Change Dir: /home/lyalyashechka/TP/c_c++/cloudgitmain/CompressedCloud/project/Server/build/CMakeFiles/CMakeTmp

Run Build Command(s):/usr/bin/gmake cmTC_49281/fast && /usr/bin/gmake -f CMakeFiles/cmTC_49281.dir/build.make CMakeFiles/cmTC_49281.dir/build
gmake[1]: вход в каталог «/home/lyalyashechka/TP/c_c++/cloudgitmain/CompressedCloud/project/Server/build/CMakeFiles/CMakeTmp»
Building C object CMakeFiles/cmTC_49281.dir/CheckFunctionExists.c.o
/usr/bin/cc   -DCHECK_FUNCTION_EXISTS=pthread_create   -o CMakeFiles/cmTC_49281.dir/CheckFunctionExists.c.o   -c /usr/share/cmake-3.16/Modules/CheckFunctionExists.c
Linking C executable cmTC_49281
/usr/bin/cmake -E cmake_link_script CMakeFiles/cmTC_49281.dir/link.txt --verbose=1
/usr/bin/cc  -DCHECK_FUNCTION_EXISTS=pthread_create    CMakeFiles/cmTC_49281.dir/CheckFunctionExists.c.o  -o cmTC_49281  -lpthreads 
/usr/bin/ld: невозможно найти -lpthreads
collect2: error: ld returned 1 exit status
gmake[1]: *** [CMakeFiles/cmTC_49281.dir/build.make:87: cmTC_49281] Ошибка 1
gmake[1]: выход из каталога «/home/lyalyashechka/TP/c_c++/cloudgitmain/CompressedCloud/project/Server/build/CMakeFiles/CMakeTmp»
gmake: *** [Makefile:121: cmTC_49281/fast] Ошибка 2



Performing C SOURCE FILE Test CMAKE_HAVE_LIBC_PTHREAD failed with the following output:
Change Dir: /home/lyalyashechka/TP/c_c++/cloudgitmain/CompressedCloud/project/ServerFileStorage/build/CMakeFiles/CMakeTmp

Run Build Command(s):/usr/bin/gmake cmTC_6367a/fast && /usr/bin/gmake -f CMakeFiles/cmTC_6367a.dir/build.make CMakeFiles/cmTC_6367a.dir/build
gmake[1]: вход в каталог «/home/lyalyashechka/TP/c_c++/cloudgitmain/CompressedCloud/project/ServerFileStorage/build/CMakeFiles/CMakeTmp»
Building C object CMakeFiles/cmTC_6367a.dir/src.c.o
/usr/bin/cc   -DCMAKE_HAVE_LIBC_PTHREAD   -o CMakeFiles/cmTC_6367a.dir/src.c.o   -c /home/lyalyashechka/TP/c_c++/cloudgitmain/CompressedCloud/project/ServerFileStorage/build/CMakeFiles/CMakeTmp/src.c
Linking C executable cmTC_6367a
/usr/bin/cmake -E cmake_link_script CMakeFiles/cmTC_6367a.dir/link.txt --verbose=1
/usr/bin/cc  -DCMAKE_HAVE_LIBC_PTHREAD    CMakeFiles/cmTC_6367a.dir/src.c.o  -o cmTC_6367a 
/usr/bin/ld: CMakeFiles/cmTC_6367a.dir/src.c.o: в функции «main»:
src.c:(.text+0x46): неопределённая ссылка на «pthread_create»
/usr/bin/ld: src.c:(.text+0x52): неопределённая ссылка на «pthread_detach»
/usr/bin/ld: src.c:(.text+0x63): неопределённая ссылка на «pthread_join»
collect2: error: ld returned 1 exit status
gmake[1]: *** [CMakeFiles/cmTC_6367a.dir/build.make:87: cmTC_6367a] Ошибка 1
gmake[1]: выход из каталога «/home/lyalyashechka/TP/c_c++/cloudgitmain/CompressedCloud/project/ServerFileStorage/build/CMakeFiles/CMakeTmp»
gmake: *** [Makefile:121: cmTC_6367a/fast] Ошибка 2


Source file was:
#include <pthread.h>

void* test_func(void* data)
{
  return data;
}

int main(void)
{
  pthread_t thread;
  pthread_create(&thread, NULL, test_func, NULL);
  pthread_detach(thread);
  pthread_join(thread, NULL);
  pthread_atfork(NULL, NULL, NULL);
  pthread_exit(NULL);

  return 0;
}

Determining if the function pthread_create exists in the pthreads failed with the following output:
Change Dir: /home/lyalyashechka/TP/c_c++/cloudgitmain/CompressedCloud/project/ServerFileStorage/build/CMakeFiles/CMakeTmp

Run Build Command(s):/usr/bin/gmake cmTC_36a7a/fast && /usr/bin/gmake -f CMakeFiles/cmTC_36a7a.dir/build.make CMakeFiles/cmTC_36a7a.dir/build
gmake[1]: вход в каталог «/home/lyalyashechka/TP/c_c++/cloudgitmain/CompressedCloud/project/ServerFileStorage/build/CMakeFiles/CMakeTmp»
Building C object CMakeFiles/cmTC_36a7a.dir/CheckFunctionExists.c.o
/usr/bin/cc   -DCHECK_FUNCTION_EXISTS=pthread_create   -o CMakeFiles/cmTC_36a7a.dir/CheckFunctionExists.c.o   -c /usr/share/cmake-3.16/Modules/CheckFunctionExists.c
Linking C executable cmTC_36a7a
/usr/bin/cmake -E cmake_link_script CMakeFiles/cmTC_36a7a.dir/link.txt --verbose=1
/usr/bin/cc  -DCHECK_FUNCTION_EXISTS=pthread_create    CMakeFiles/cmTC_36a7a.dir/CheckFunctionExists.c.o  -o cmTC_36a7a  -lpthreads 
/usr/bin/ld: невозможно найти -lpthreads
collect2: error: ld returned 1 exit status
gmake[1]: *** [CMakeFiles/cmTC_36a7a.dir/build.make:87: cmTC_36a7a] Ошибка 1
gmake[1]: выход из каталога «/home/lyalyashechka/TP/c_c++/cloudgitmain/CompressedCloud/project/ServerFileStorage/build/CMakeFiles/CMakeTmp»
gmake: *** [Makefile:121: cmTC_36a7a/fast] Ошибка 2



