Performing C SOURCE FILE Test CMAKE_HAVE_LIBC_PTHREAD failed with the following output:
Change Dir: /home/lida/Compressed_cloud/CompressedCloud/project/DataBase/build/CMakeFiles/CMakeTmp

Run Build Command(s):/usr/bin/make cmTC_b6528/fast && /usr/bin/make -f CMakeFiles/cmTC_b6528.dir/build.make CMakeFiles/cmTC_b6528.dir/build
make[1]: вход в каталог «/home/lida/Compressed_cloud/CompressedCloud/project/DataBase/build/CMakeFiles/CMakeTmp»
Building C object CMakeFiles/cmTC_b6528.dir/src.c.o
/usr/bin/cc   -DCMAKE_HAVE_LIBC_PTHREAD   -o CMakeFiles/cmTC_b6528.dir/src.c.o   -c /home/lida/Compressed_cloud/CompressedCloud/project/DataBase/build/CMakeFiles/CMakeTmp/src.c
Linking C executable cmTC_b6528
/usr/bin/cmake -E cmake_link_script CMakeFiles/cmTC_b6528.dir/link.txt --verbose=1
/usr/bin/cc  -DCMAKE_HAVE_LIBC_PTHREAD    CMakeFiles/cmTC_b6528.dir/src.c.o  -o cmTC_b6528 
/usr/bin/ld: CMakeFiles/cmTC_b6528.dir/src.c.o: в функции «main»:
src.c:(.text+0x46): неопределённая ссылка на «pthread_create»
/usr/bin/ld: src.c:(.text+0x52): неопределённая ссылка на «pthread_detach»
/usr/bin/ld: src.c:(.text+0x63): неопределённая ссылка на «pthread_join»
collect2: error: ld returned 1 exit status
make[1]: *** [CMakeFiles/cmTC_b6528.dir/build.make:87: cmTC_b6528] Ошибка 1
make[1]: выход из каталога «/home/lida/Compressed_cloud/CompressedCloud/project/DataBase/build/CMakeFiles/CMakeTmp»
make: *** [Makefile:121: cmTC_b6528/fast] Ошибка 2


Source file was:
#include <pthread.h>

void* test_func(void* data)
{
  return data;
}

int main(void)
{
  pthread_t thread;
  pthread_create(&thread, NULL, test_func, NULL);
  pthread_detach(thread);
  pthread_join(thread, NULL);
  pthread_atfork(NULL, NULL, NULL);
  pthread_exit(NULL);

  return 0;
}

Determining if the function pthread_create exists in the pthreads failed with the following output:
Change Dir: /home/lida/Compressed_cloud/CompressedCloud/project/DataBase/build/CMakeFiles/CMakeTmp

Run Build Command(s):/usr/bin/make cmTC_5880f/fast && /usr/bin/make -f CMakeFiles/cmTC_5880f.dir/build.make CMakeFiles/cmTC_5880f.dir/build
make[1]: вход в каталог «/home/lida/Compressed_cloud/CompressedCloud/project/DataBase/build/CMakeFiles/CMakeTmp»
Building C object CMakeFiles/cmTC_5880f.dir/CheckFunctionExists.c.o
/usr/bin/cc   -DCHECK_FUNCTION_EXISTS=pthread_create   -o CMakeFiles/cmTC_5880f.dir/CheckFunctionExists.c.o   -c /usr/share/cmake-3.16/Modules/CheckFunctionExists.c
Linking C executable cmTC_5880f
/usr/bin/cmake -E cmake_link_script CMakeFiles/cmTC_5880f.dir/link.txt --verbose=1
/usr/bin/cc  -DCHECK_FUNCTION_EXISTS=pthread_create    CMakeFiles/cmTC_5880f.dir/CheckFunctionExists.c.o  -o cmTC_5880f  -lpthreads 
/usr/bin/ld: невозможно найти -lpthreads
collect2: error: ld returned 1 exit status
make[1]: *** [CMakeFiles/cmTC_5880f.dir/build.make:87: cmTC_5880f] Ошибка 1
make[1]: выход из каталога «/home/lida/Compressed_cloud/CompressedCloud/project/DataBase/build/CMakeFiles/CMakeTmp»
make: *** [Makefile:121: cmTC_5880f/fast] Ошибка 2



Performing C SOURCE FILE Test CMAKE_HAVE_LIBC_PTHREAD failed with the following output:
Change Dir: /home/ilyanyrkov/CompressedCloud/project/DataBase/build/CMakeFiles/CMakeTmp

Run Build Command(s):/usr/bin/gmake cmTC_10202/fast && gmake[1]: Entering directory '/home/ilyanyrkov/CompressedCloud/project/DataBase/build/CMakeFiles/CMakeTmp'
/usr/bin/gmake -f CMakeFiles/cmTC_10202.dir/build.make CMakeFiles/cmTC_10202.dir/build
gmake[2]: Entering directory '/home/ilyanyrkov/CompressedCloud/project/DataBase/build/CMakeFiles/CMakeTmp'
Building C object CMakeFiles/cmTC_10202.dir/src.c.o
/usr/bin/cc   -fpic -DCMAKE_HAVE_LIBC_PTHREAD   -o CMakeFiles/cmTC_10202.dir/src.c.o   -c /home/ilyanyrkov/CompressedCloud/project/DataBase/build/CMakeFiles/CMakeTmp/src.c
Linking C executable cmTC_10202
/usr/bin/cmake -E cmake_link_script CMakeFiles/cmTC_10202.dir/link.txt --verbose=1
/usr/bin/cc  -fpic -DCMAKE_HAVE_LIBC_PTHREAD    CMakeFiles/cmTC_10202.dir/src.c.o  -o cmTC_10202 
/usr/bin/ld: CMakeFiles/cmTC_10202.dir/src.c.o: in function `main':
src.c:(.text+0x46): undefined reference to `pthread_create'
/usr/bin/ld: src.c:(.text+0x52): undefined reference to `pthread_detach'
/usr/bin/ld: src.c:(.text+0x63): undefined reference to `pthread_join'
collect2: error: ld returned 1 exit status
gmake[2]: *** [CMakeFiles/cmTC_10202.dir/build.make:87: cmTC_10202] Error 1
gmake[2]: Leaving directory '/home/ilyanyrkov/CompressedCloud/project/DataBase/build/CMakeFiles/CMakeTmp'
gmake[1]: *** [Makefile:121: cmTC_10202/fast] Error 2
gmake[1]: Leaving directory '/home/ilyanyrkov/CompressedCloud/project/DataBase/build/CMakeFiles/CMakeTmp'


Source file was:
#include <pthread.h>

void* test_func(void* data)
{
  return data;
}

int main(void)
{
  pthread_t thread;
  pthread_create(&thread, NULL, test_func, NULL);
  pthread_detach(thread);
  pthread_join(thread, NULL);
  pthread_atfork(NULL, NULL, NULL);
  pthread_exit(NULL);

  return 0;
}

Determining if the function pthread_create exists in the pthreads failed with the following output:
Change Dir: /home/ilyanyrkov/CompressedCloud/project/DataBase/build/CMakeFiles/CMakeTmp

Run Build Command(s):/usr/bin/gmake cmTC_f6050/fast && gmake[1]: Entering directory '/home/ilyanyrkov/CompressedCloud/project/DataBase/build/CMakeFiles/CMakeTmp'
/usr/bin/gmake -f CMakeFiles/cmTC_f6050.dir/build.make CMakeFiles/cmTC_f6050.dir/build
gmake[2]: Entering directory '/home/ilyanyrkov/CompressedCloud/project/DataBase/build/CMakeFiles/CMakeTmp'
Building C object CMakeFiles/cmTC_f6050.dir/CheckFunctionExists.c.o
/usr/bin/cc   -fpic -DCHECK_FUNCTION_EXISTS=pthread_create   -o CMakeFiles/cmTC_f6050.dir/CheckFunctionExists.c.o   -c /usr/share/cmake-3.16/Modules/CheckFunctionExists.c
Linking C executable cmTC_f6050
/usr/bin/cmake -E cmake_link_script CMakeFiles/cmTC_f6050.dir/link.txt --verbose=1
/usr/bin/cc  -fpic -DCHECK_FUNCTION_EXISTS=pthread_create    CMakeFiles/cmTC_f6050.dir/CheckFunctionExists.c.o  -o cmTC_f6050  -lpthreads 
/usr/bin/ld: cannot find -lpthreads
collect2: error: ld returned 1 exit status
gmake[2]: *** [CMakeFiles/cmTC_f6050.dir/build.make:87: cmTC_f6050] Error 1
gmake[2]: Leaving directory '/home/ilyanyrkov/CompressedCloud/project/DataBase/build/CMakeFiles/CMakeTmp'
gmake[1]: *** [Makefile:121: cmTC_f6050/fast] Error 2
gmake[1]: Leaving directory '/home/ilyanyrkov/CompressedCloud/project/DataBase/build/CMakeFiles/CMakeTmp'



