Performing C SOURCE FILE Test CMAKE_HAVE_LIBC_PTHREAD failed with the following output:
Change Dir: /home/lyalyashechka/TP/c_c++/Project main/project/Server/build/CMakeFiles/CMakeTmp

Run Build Command(s):/usr/bin/gmake cmTC_a9c95/fast && /usr/bin/gmake -f CMakeFiles/cmTC_a9c95.dir/build.make CMakeFiles/cmTC_a9c95.dir/build
gmake[1]: вход в каталог «/home/lyalyashechka/TP/c_c++/Project main/project/Server/build/CMakeFiles/CMakeTmp»
Building C object CMakeFiles/cmTC_a9c95.dir/src.c.o
/usr/bin/cc   -DCMAKE_HAVE_LIBC_PTHREAD   -o CMakeFiles/cmTC_a9c95.dir/src.c.o   -c "/home/lyalyashechka/TP/c_c++/Project main/project/Server/build/CMakeFiles/CMakeTmp/src.c"
Linking C executable cmTC_a9c95
/usr/bin/cmake -E cmake_link_script CMakeFiles/cmTC_a9c95.dir/link.txt --verbose=1
/usr/bin/cc  -DCMAKE_HAVE_LIBC_PTHREAD    CMakeFiles/cmTC_a9c95.dir/src.c.o  -o cmTC_a9c95 
/usr/bin/ld: CMakeFiles/cmTC_a9c95.dir/src.c.o: в функции «main»:
src.c:(.text+0x46): неопределённая ссылка на «pthread_create»
/usr/bin/ld: src.c:(.text+0x52): неопределённая ссылка на «pthread_detach»
/usr/bin/ld: src.c:(.text+0x63): неопределённая ссылка на «pthread_join»
collect2: error: ld returned 1 exit status
gmake[1]: *** [CMakeFiles/cmTC_a9c95.dir/build.make:87: cmTC_a9c95] Ошибка 1
gmake[1]: выход из каталога «/home/lyalyashechka/TP/c_c++/Project main/project/Server/build/CMakeFiles/CMakeTmp»
gmake: *** [Makefile:121: cmTC_a9c95/fast] Ошибка 2


Source file was:
#include <pthread.h>

void* test_func(void* data)
{
  return data;
}

int main(void)
{
  pthread_t thread;
  pthread_create(&thread, NULL, test_func, NULL);
  pthread_detach(thread);
  pthread_join(thread, NULL);
  pthread_atfork(NULL, NULL, NULL);
  pthread_exit(NULL);

  return 0;
}

Determining if the function pthread_create exists in the pthreads failed with the following output:
Change Dir: /home/lyalyashechka/TP/c_c++/Project main/project/Server/build/CMakeFiles/CMakeTmp

Run Build Command(s):/usr/bin/gmake cmTC_cde8a/fast && /usr/bin/gmake -f CMakeFiles/cmTC_cde8a.dir/build.make CMakeFiles/cmTC_cde8a.dir/build
gmake[1]: вход в каталог «/home/lyalyashechka/TP/c_c++/Project main/project/Server/build/CMakeFiles/CMakeTmp»
Building C object CMakeFiles/cmTC_cde8a.dir/CheckFunctionExists.c.o
/usr/bin/cc   -DCHECK_FUNCTION_EXISTS=pthread_create   -o CMakeFiles/cmTC_cde8a.dir/CheckFunctionExists.c.o   -c /usr/share/cmake-3.16/Modules/CheckFunctionExists.c
Linking C executable cmTC_cde8a
/usr/bin/cmake -E cmake_link_script CMakeFiles/cmTC_cde8a.dir/link.txt --verbose=1
/usr/bin/cc  -DCHECK_FUNCTION_EXISTS=pthread_create    CMakeFiles/cmTC_cde8a.dir/CheckFunctionExists.c.o  -o cmTC_cde8a  -lpthreads 
/usr/bin/ld: невозможно найти -lpthreads
collect2: error: ld returned 1 exit status
gmake[1]: *** [CMakeFiles/cmTC_cde8a.dir/build.make:87: cmTC_cde8a] Ошибка 1
gmake[1]: выход из каталога «/home/lyalyashechka/TP/c_c++/Project main/project/Server/build/CMakeFiles/CMakeTmp»
gmake: *** [Makefile:121: cmTC_cde8a/fast] Ошибка 2



Performing C SOURCE FILE Test CMAKE_HAVE_LIBC_PTHREAD failed with the following output:
Change Dir: /home/ilya/TechnoparkProjects/CompressedCloud/project/Server/build/CMakeFiles/CMakeTmp

Run Build Command(s):/usr/bin/make cmTC_5c9c3/fast && /usr/bin/make -f CMakeFiles/cmTC_5c9c3.dir/build.make CMakeFiles/cmTC_5c9c3.dir/build
make[1]: Entering directory '/home/ilya/TechnoparkProjects/CompressedCloud/project/Server/build/CMakeFiles/CMakeTmp'
Building C object CMakeFiles/cmTC_5c9c3.dir/src.c.o
/usr/bin/cc   -DCMAKE_HAVE_LIBC_PTHREAD   -o CMakeFiles/cmTC_5c9c3.dir/src.c.o   -c /home/ilya/TechnoparkProjects/CompressedCloud/project/Server/build/CMakeFiles/CMakeTmp/src.c
Linking C executable cmTC_5c9c3
/usr/bin/cmake -E cmake_link_script CMakeFiles/cmTC_5c9c3.dir/link.txt --verbose=1
/usr/bin/cc  -DCMAKE_HAVE_LIBC_PTHREAD    CMakeFiles/cmTC_5c9c3.dir/src.c.o  -o cmTC_5c9c3 
/usr/bin/ld: CMakeFiles/cmTC_5c9c3.dir/src.c.o: in function `main':
src.c:(.text+0x46): undefined reference to `pthread_create'
/usr/bin/ld: src.c:(.text+0x52): undefined reference to `pthread_detach'
/usr/bin/ld: src.c:(.text+0x63): undefined reference to `pthread_join'
collect2: error: ld returned 1 exit status
make[1]: *** [CMakeFiles/cmTC_5c9c3.dir/build.make:87: cmTC_5c9c3] Error 1
make[1]: Leaving directory '/home/ilya/TechnoparkProjects/CompressedCloud/project/Server/build/CMakeFiles/CMakeTmp'
make: *** [Makefile:121: cmTC_5c9c3/fast] Error 2


Source file was:
#include <pthread.h>

void* test_func(void* data)
{
  return data;
}

int main(void)
{
  pthread_t thread;
  pthread_create(&thread, NULL, test_func, NULL);
  pthread_detach(thread);
  pthread_join(thread, NULL);
  pthread_atfork(NULL, NULL, NULL);
  pthread_exit(NULL);

  return 0;
}

Determining if the function pthread_create exists in the pthreads failed with the following output:
Change Dir: /home/ilya/TechnoparkProjects/CompressedCloud/project/Server/build/CMakeFiles/CMakeTmp

Run Build Command(s):/usr/bin/make cmTC_7e7b5/fast && /usr/bin/make -f CMakeFiles/cmTC_7e7b5.dir/build.make CMakeFiles/cmTC_7e7b5.dir/build
make[1]: Entering directory '/home/ilya/TechnoparkProjects/CompressedCloud/project/Server/build/CMakeFiles/CMakeTmp'
Building C object CMakeFiles/cmTC_7e7b5.dir/CheckFunctionExists.c.o
/usr/bin/cc   -DCHECK_FUNCTION_EXISTS=pthread_create   -o CMakeFiles/cmTC_7e7b5.dir/CheckFunctionExists.c.o   -c /usr/share/cmake-3.16/Modules/CheckFunctionExists.c
Linking C executable cmTC_7e7b5
/usr/bin/cmake -E cmake_link_script CMakeFiles/cmTC_7e7b5.dir/link.txt --verbose=1
/usr/bin/cc  -DCHECK_FUNCTION_EXISTS=pthread_create    CMakeFiles/cmTC_7e7b5.dir/CheckFunctionExists.c.o  -o cmTC_7e7b5  -lpthreads 
/usr/bin/ld: cannot find -lpthreads
collect2: error: ld returned 1 exit status
make[1]: *** [CMakeFiles/cmTC_7e7b5.dir/build.make:87: cmTC_7e7b5] Error 1
make[1]: Leaving directory '/home/ilya/TechnoparkProjects/CompressedCloud/project/Server/build/CMakeFiles/CMakeTmp'
make: *** [Makefile:121: cmTC_7e7b5/fast] Error 2



Performing C SOURCE FILE Test CMAKE_HAVE_LIBC_PTHREAD failed with the following output:
Change Dir: /home/ilya/TechnoparkProjects/CompressedCloud/project/Server/build/CMakeFiles/CMakeTmp

Run Build Command(s):/usr/bin/make cmTC_003d4/fast && /usr/bin/make -f CMakeFiles/cmTC_003d4.dir/build.make CMakeFiles/cmTC_003d4.dir/build
make[1]: Entering directory '/home/ilya/TechnoparkProjects/CompressedCloud/project/Server/build/CMakeFiles/CMakeTmp'
Building C object CMakeFiles/cmTC_003d4.dir/src.c.o
/usr/bin/cc   -DCMAKE_HAVE_LIBC_PTHREAD   -o CMakeFiles/cmTC_003d4.dir/src.c.o   -c /home/ilya/TechnoparkProjects/CompressedCloud/project/Server/build/CMakeFiles/CMakeTmp/src.c
Linking C executable cmTC_003d4
/usr/bin/cmake -E cmake_link_script CMakeFiles/cmTC_003d4.dir/link.txt --verbose=1
/usr/bin/cc  -DCMAKE_HAVE_LIBC_PTHREAD    CMakeFiles/cmTC_003d4.dir/src.c.o  -o cmTC_003d4 
/usr/bin/ld: CMakeFiles/cmTC_003d4.dir/src.c.o: in function `main':
src.c:(.text+0x46): undefined reference to `pthread_create'
/usr/bin/ld: src.c:(.text+0x52): undefined reference to `pthread_detach'
/usr/bin/ld: src.c:(.text+0x63): undefined reference to `pthread_join'
collect2: error: ld returned 1 exit status
make[1]: *** [CMakeFiles/cmTC_003d4.dir/build.make:87: cmTC_003d4] Error 1
make[1]: Leaving directory '/home/ilya/TechnoparkProjects/CompressedCloud/project/Server/build/CMakeFiles/CMakeTmp'
make: *** [Makefile:121: cmTC_003d4/fast] Error 2


Source file was:
#include <pthread.h>

void* test_func(void* data)
{
  return data;
}

int main(void)
{
  pthread_t thread;
  pthread_create(&thread, NULL, test_func, NULL);
  pthread_detach(thread);
  pthread_join(thread, NULL);
  pthread_atfork(NULL, NULL, NULL);
  pthread_exit(NULL);

  return 0;
}

Determining if the function pthread_create exists in the pthreads failed with the following output:
Change Dir: /home/ilya/TechnoparkProjects/CompressedCloud/project/Server/build/CMakeFiles/CMakeTmp

Run Build Command(s):/usr/bin/make cmTC_bdc13/fast && /usr/bin/make -f CMakeFiles/cmTC_bdc13.dir/build.make CMakeFiles/cmTC_bdc13.dir/build
make[1]: Entering directory '/home/ilya/TechnoparkProjects/CompressedCloud/project/Server/build/CMakeFiles/CMakeTmp'
Building C object CMakeFiles/cmTC_bdc13.dir/CheckFunctionExists.c.o
/usr/bin/cc   -DCHECK_FUNCTION_EXISTS=pthread_create   -o CMakeFiles/cmTC_bdc13.dir/CheckFunctionExists.c.o   -c /usr/share/cmake-3.16/Modules/CheckFunctionExists.c
Linking C executable cmTC_bdc13
/usr/bin/cmake -E cmake_link_script CMakeFiles/cmTC_bdc13.dir/link.txt --verbose=1
/usr/bin/cc  -DCHECK_FUNCTION_EXISTS=pthread_create    CMakeFiles/cmTC_bdc13.dir/CheckFunctionExists.c.o  -o cmTC_bdc13  -lpthreads 
/usr/bin/ld: cannot find -lpthreads
collect2: error: ld returned 1 exit status
make[1]: *** [CMakeFiles/cmTC_bdc13.dir/build.make:87: cmTC_bdc13] Error 1
make[1]: Leaving directory '/home/ilya/TechnoparkProjects/CompressedCloud/project/Server/build/CMakeFiles/CMakeTmp'
make: *** [Makefile:121: cmTC_bdc13/fast] Error 2



