Performing C SOURCE FILE Test CMAKE_HAVE_LIBC_PTHREAD failed with the following output:
Change Dir: /home/ilyanyrkov/CompressedCloud/project/Network/build/CMakeFiles/CMakeTmp

Run Build Command(s):/usr/bin/gmake cmTC_d79fa/fast && gmake[1]: Entering directory '/home/ilyanyrkov/CompressedCloud/project/Network/build/CMakeFiles/CMakeTmp'
/usr/bin/gmake -f CMakeFiles/cmTC_d79fa.dir/build.make CMakeFiles/cmTC_d79fa.dir/build
gmake[2]: Entering directory '/home/ilyanyrkov/CompressedCloud/project/Network/build/CMakeFiles/CMakeTmp'
Building C object CMakeFiles/cmTC_d79fa.dir/src.c.o
/usr/bin/cc   -fpic -DCMAKE_HAVE_LIBC_PTHREAD   -o CMakeFiles/cmTC_d79fa.dir/src.c.o   -c /home/ilyanyrkov/CompressedCloud/project/Network/build/CMakeFiles/CMakeTmp/src.c
Linking C executable cmTC_d79fa
/usr/bin/cmake -E cmake_link_script CMakeFiles/cmTC_d79fa.dir/link.txt --verbose=1
/usr/bin/cc  -fpic -DCMAKE_HAVE_LIBC_PTHREAD    CMakeFiles/cmTC_d79fa.dir/src.c.o  -o cmTC_d79fa 
/usr/bin/ld: CMakeFiles/cmTC_d79fa.dir/src.c.o: in function `main':
src.c:(.text+0x46): undefined reference to `pthread_create'
/usr/bin/ld: src.c:(.text+0x52): undefined reference to `pthread_detach'
/usr/bin/ld: src.c:(.text+0x63): undefined reference to `pthread_join'
collect2: error: ld returned 1 exit status
gmake[2]: *** [CMakeFiles/cmTC_d79fa.dir/build.make:87: cmTC_d79fa] Error 1
gmake[2]: Leaving directory '/home/ilyanyrkov/CompressedCloud/project/Network/build/CMakeFiles/CMakeTmp'
gmake[1]: *** [Makefile:121: cmTC_d79fa/fast] Error 2
gmake[1]: Leaving directory '/home/ilyanyrkov/CompressedCloud/project/Network/build/CMakeFiles/CMakeTmp'


Source file was:
#include <pthread.h>

void* test_func(void* data)
{
  return data;
}

int main(void)
{
  pthread_t thread;
  pthread_create(&thread, NULL, test_func, NULL);
  pthread_detach(thread);
  pthread_join(thread, NULL);
  pthread_atfork(NULL, NULL, NULL);
  pthread_exit(NULL);

  return 0;
}

Determining if the function pthread_create exists in the pthreads failed with the following output:
Change Dir: /home/ilyanyrkov/CompressedCloud/project/Network/build/CMakeFiles/CMakeTmp

Run Build Command(s):/usr/bin/gmake cmTC_aefde/fast && gmake[1]: Entering directory '/home/ilyanyrkov/CompressedCloud/project/Network/build/CMakeFiles/CMakeTmp'
/usr/bin/gmake -f CMakeFiles/cmTC_aefde.dir/build.make CMakeFiles/cmTC_aefde.dir/build
gmake[2]: Entering directory '/home/ilyanyrkov/CompressedCloud/project/Network/build/CMakeFiles/CMakeTmp'
Building C object CMakeFiles/cmTC_aefde.dir/CheckFunctionExists.c.o
/usr/bin/cc   -fpic -DCHECK_FUNCTION_EXISTS=pthread_create   -o CMakeFiles/cmTC_aefde.dir/CheckFunctionExists.c.o   -c /usr/share/cmake-3.16/Modules/CheckFunctionExists.c
Linking C executable cmTC_aefde
/usr/bin/cmake -E cmake_link_script CMakeFiles/cmTC_aefde.dir/link.txt --verbose=1
/usr/bin/cc  -fpic -DCHECK_FUNCTION_EXISTS=pthread_create    CMakeFiles/cmTC_aefde.dir/CheckFunctionExists.c.o  -o cmTC_aefde  -lpthreads 
/usr/bin/ld: cannot find -lpthreads
collect2: error: ld returned 1 exit status
gmake[2]: *** [CMakeFiles/cmTC_aefde.dir/build.make:87: cmTC_aefde] Error 1
gmake[2]: Leaving directory '/home/ilyanyrkov/CompressedCloud/project/Network/build/CMakeFiles/CMakeTmp'
gmake[1]: *** [Makefile:121: cmTC_aefde/fast] Error 2
gmake[1]: Leaving directory '/home/ilyanyrkov/CompressedCloud/project/Network/build/CMakeFiles/CMakeTmp'



