Performing C SOURCE FILE Test CMAKE_HAVE_LIBC_PTHREAD failed with the following output:
Change Dir: /home/lyalyashechka/TP/c_c++/main server/build/CMakeFiles/CMakeTmp

Run Build Command(s):/usr/bin/gmake cmTC_19019/fast && /usr/bin/gmake -f CMakeFiles/cmTC_19019.dir/build.make CMakeFiles/cmTC_19019.dir/build
gmake[1]: вход в каталог «/home/lyalyashechka/TP/c_c++/main server/build/CMakeFiles/CMakeTmp»
Building C object CMakeFiles/cmTC_19019.dir/src.c.o
/usr/bin/cc   -DCMAKE_HAVE_LIBC_PTHREAD   -o CMakeFiles/cmTC_19019.dir/src.c.o   -c "/home/lyalyashechka/TP/c_c++/main server/build/CMakeFiles/CMakeTmp/src.c"
Linking C executable cmTC_19019
/usr/bin/cmake -E cmake_link_script CMakeFiles/cmTC_19019.dir/link.txt --verbose=1
/usr/bin/cc  -DCMAKE_HAVE_LIBC_PTHREAD    CMakeFiles/cmTC_19019.dir/src.c.o  -o cmTC_19019 
/usr/bin/ld: CMakeFiles/cmTC_19019.dir/src.c.o: в функции «main»:
src.c:(.text+0x46): неопределённая ссылка на «pthread_create»
/usr/bin/ld: src.c:(.text+0x52): неопределённая ссылка на «pthread_detach»
/usr/bin/ld: src.c:(.text+0x63): неопределённая ссылка на «pthread_join»
collect2: error: ld returned 1 exit status
gmake[1]: *** [CMakeFiles/cmTC_19019.dir/build.make:87: cmTC_19019] Ошибка 1
gmake[1]: выход из каталога «/home/lyalyashechka/TP/c_c++/main server/build/CMakeFiles/CMakeTmp»
gmake: *** [Makefile:121: cmTC_19019/fast] Ошибка 2


Source file was:
#include <pthread.h>

void* test_func(void* data)
{
  return data;
}

int main(void)
{
  pthread_t thread;
  pthread_create(&thread, NULL, test_func, NULL);
  pthread_detach(thread);
  pthread_join(thread, NULL);
  pthread_atfork(NULL, NULL, NULL);
  pthread_exit(NULL);

  return 0;
}

Determining if the function pthread_create exists in the pthreads failed with the following output:
Change Dir: /home/lyalyashechka/TP/c_c++/main server/build/CMakeFiles/CMakeTmp

Run Build Command(s):/usr/bin/gmake cmTC_d2d77/fast && /usr/bin/gmake -f CMakeFiles/cmTC_d2d77.dir/build.make CMakeFiles/cmTC_d2d77.dir/build
gmake[1]: вход в каталог «/home/lyalyashechka/TP/c_c++/main server/build/CMakeFiles/CMakeTmp»
Building C object CMakeFiles/cmTC_d2d77.dir/CheckFunctionExists.c.o
/usr/bin/cc   -DCHECK_FUNCTION_EXISTS=pthread_create   -o CMakeFiles/cmTC_d2d77.dir/CheckFunctionExists.c.o   -c /usr/share/cmake-3.16/Modules/CheckFunctionExists.c
Linking C executable cmTC_d2d77
/usr/bin/cmake -E cmake_link_script CMakeFiles/cmTC_d2d77.dir/link.txt --verbose=1
/usr/bin/cc  -DCHECK_FUNCTION_EXISTS=pthread_create    CMakeFiles/cmTC_d2d77.dir/CheckFunctionExists.c.o  -o cmTC_d2d77  -lpthreads 
/usr/bin/ld: невозможно найти -lpthreads
collect2: error: ld returned 1 exit status
gmake[1]: *** [CMakeFiles/cmTC_d2d77.dir/build.make:87: cmTC_d2d77] Ошибка 1
gmake[1]: выход из каталога «/home/lyalyashechka/TP/c_c++/main server/build/CMakeFiles/CMakeTmp»
gmake: *** [Makefile:121: cmTC_d2d77/fast] Ошибка 2



Performing C SOURCE FILE Test CMAKE_HAVE_LIBC_PTHREAD failed with the following output:
Change Dir: /home/lyalyashechka/TP/c_c++/cloudgitmain/CompressedCloud/build/CMakeFiles/CMakeTmp

Run Build Command(s):/usr/bin/gmake cmTC_8f4dd/fast && /usr/bin/gmake -f CMakeFiles/cmTC_8f4dd.dir/build.make CMakeFiles/cmTC_8f4dd.dir/build
gmake[1]: вход в каталог «/home/lyalyashechka/TP/c_c++/cloudgitmain/CompressedCloud/build/CMakeFiles/CMakeTmp»
Building C object CMakeFiles/cmTC_8f4dd.dir/src.c.o
/usr/bin/cc   -DCMAKE_HAVE_LIBC_PTHREAD   -o CMakeFiles/cmTC_8f4dd.dir/src.c.o   -c /home/lyalyashechka/TP/c_c++/cloudgitmain/CompressedCloud/build/CMakeFiles/CMakeTmp/src.c
Linking C executable cmTC_8f4dd
/usr/bin/cmake -E cmake_link_script CMakeFiles/cmTC_8f4dd.dir/link.txt --verbose=1
/usr/bin/cc  -DCMAKE_HAVE_LIBC_PTHREAD    CMakeFiles/cmTC_8f4dd.dir/src.c.o  -o cmTC_8f4dd 
/usr/bin/ld: CMakeFiles/cmTC_8f4dd.dir/src.c.o: в функции «main»:
src.c:(.text+0x46): неопределённая ссылка на «pthread_create»
/usr/bin/ld: src.c:(.text+0x52): неопределённая ссылка на «pthread_detach»
/usr/bin/ld: src.c:(.text+0x63): неопределённая ссылка на «pthread_join»
collect2: error: ld returned 1 exit status
gmake[1]: *** [CMakeFiles/cmTC_8f4dd.dir/build.make:87: cmTC_8f4dd] Ошибка 1
gmake[1]: выход из каталога «/home/lyalyashechka/TP/c_c++/cloudgitmain/CompressedCloud/build/CMakeFiles/CMakeTmp»
gmake: *** [Makefile:121: cmTC_8f4dd/fast] Ошибка 2


Source file was:
#include <pthread.h>

void* test_func(void* data)
{
  return data;
}

int main(void)
{
  pthread_t thread;
  pthread_create(&thread, NULL, test_func, NULL);
  pthread_detach(thread);
  pthread_join(thread, NULL);
  pthread_atfork(NULL, NULL, NULL);
  pthread_exit(NULL);

  return 0;
}

Determining if the function pthread_create exists in the pthreads failed with the following output:
Change Dir: /home/lyalyashechka/TP/c_c++/cloudgitmain/CompressedCloud/build/CMakeFiles/CMakeTmp

Run Build Command(s):/usr/bin/gmake cmTC_5364a/fast && /usr/bin/gmake -f CMakeFiles/cmTC_5364a.dir/build.make CMakeFiles/cmTC_5364a.dir/build
gmake[1]: вход в каталог «/home/lyalyashechka/TP/c_c++/cloudgitmain/CompressedCloud/build/CMakeFiles/CMakeTmp»
Building C object CMakeFiles/cmTC_5364a.dir/CheckFunctionExists.c.o
/usr/bin/cc   -DCHECK_FUNCTION_EXISTS=pthread_create   -o CMakeFiles/cmTC_5364a.dir/CheckFunctionExists.c.o   -c /usr/share/cmake-3.16/Modules/CheckFunctionExists.c
Linking C executable cmTC_5364a
/usr/bin/cmake -E cmake_link_script CMakeFiles/cmTC_5364a.dir/link.txt --verbose=1
/usr/bin/cc  -DCHECK_FUNCTION_EXISTS=pthread_create    CMakeFiles/cmTC_5364a.dir/CheckFunctionExists.c.o  -o cmTC_5364a  -lpthreads 
/usr/bin/ld: невозможно найти -lpthreads
collect2: error: ld returned 1 exit status
gmake[1]: *** [CMakeFiles/cmTC_5364a.dir/build.make:87: cmTC_5364a] Ошибка 1
gmake[1]: выход из каталога «/home/lyalyashechka/TP/c_c++/cloudgitmain/CompressedCloud/build/CMakeFiles/CMakeTmp»
gmake: *** [Makefile:121: cmTC_5364a/fast] Ошибка 2



Performing C SOURCE FILE Test CMAKE_HAVE_LIBC_PTHREAD failed with the following output:
Change Dir: /home/lyalyashechka/TP/c_c++/gitMain/CompressedCloud/build/CMakeFiles/CMakeTmp

Run Build Command(s):/usr/bin/gmake cmTC_d3f0e/fast && /usr/bin/gmake -f CMakeFiles/cmTC_d3f0e.dir/build.make CMakeFiles/cmTC_d3f0e.dir/build
gmake[1]: вход в каталог «/home/lyalyashechka/TP/c_c++/gitMain/CompressedCloud/build/CMakeFiles/CMakeTmp»
Building C object CMakeFiles/cmTC_d3f0e.dir/src.c.o
/usr/bin/cc   -DCMAKE_HAVE_LIBC_PTHREAD   -o CMakeFiles/cmTC_d3f0e.dir/src.c.o   -c /home/lyalyashechka/TP/c_c++/gitMain/CompressedCloud/build/CMakeFiles/CMakeTmp/src.c
Linking C executable cmTC_d3f0e
/usr/bin/cmake -E cmake_link_script CMakeFiles/cmTC_d3f0e.dir/link.txt --verbose=1
/usr/bin/cc  -DCMAKE_HAVE_LIBC_PTHREAD    CMakeFiles/cmTC_d3f0e.dir/src.c.o  -o cmTC_d3f0e 
/usr/bin/ld: CMakeFiles/cmTC_d3f0e.dir/src.c.o: в функции «main»:
src.c:(.text+0x46): неопределённая ссылка на «pthread_create»
/usr/bin/ld: src.c:(.text+0x52): неопределённая ссылка на «pthread_detach»
/usr/bin/ld: src.c:(.text+0x63): неопределённая ссылка на «pthread_join»
collect2: error: ld returned 1 exit status
gmake[1]: *** [CMakeFiles/cmTC_d3f0e.dir/build.make:87: cmTC_d3f0e] Ошибка 1
gmake[1]: выход из каталога «/home/lyalyashechka/TP/c_c++/gitMain/CompressedCloud/build/CMakeFiles/CMakeTmp»
gmake: *** [Makefile:121: cmTC_d3f0e/fast] Ошибка 2


Source file was:
#include <pthread.h>

void* test_func(void* data)
{
  return data;
}

int main(void)
{
  pthread_t thread;
  pthread_create(&thread, NULL, test_func, NULL);
  pthread_detach(thread);
  pthread_join(thread, NULL);
  pthread_atfork(NULL, NULL, NULL);
  pthread_exit(NULL);

  return 0;
}

Determining if the function pthread_create exists in the pthreads failed with the following output:
Change Dir: /home/lyalyashechka/TP/c_c++/gitMain/CompressedCloud/build/CMakeFiles/CMakeTmp

Run Build Command(s):/usr/bin/gmake cmTC_b1ff2/fast && /usr/bin/gmake -f CMakeFiles/cmTC_b1ff2.dir/build.make CMakeFiles/cmTC_b1ff2.dir/build
gmake[1]: вход в каталог «/home/lyalyashechka/TP/c_c++/gitMain/CompressedCloud/build/CMakeFiles/CMakeTmp»
Building C object CMakeFiles/cmTC_b1ff2.dir/CheckFunctionExists.c.o
/usr/bin/cc   -DCHECK_FUNCTION_EXISTS=pthread_create   -o CMakeFiles/cmTC_b1ff2.dir/CheckFunctionExists.c.o   -c /usr/share/cmake-3.16/Modules/CheckFunctionExists.c
Linking C executable cmTC_b1ff2
/usr/bin/cmake -E cmake_link_script CMakeFiles/cmTC_b1ff2.dir/link.txt --verbose=1
/usr/bin/cc  -DCHECK_FUNCTION_EXISTS=pthread_create    CMakeFiles/cmTC_b1ff2.dir/CheckFunctionExists.c.o  -o cmTC_b1ff2  -lpthreads 
/usr/bin/ld: невозможно найти -lpthreads
collect2: error: ld returned 1 exit status
gmake[1]: *** [CMakeFiles/cmTC_b1ff2.dir/build.make:87: cmTC_b1ff2] Ошибка 1
gmake[1]: выход из каталога «/home/lyalyashechka/TP/c_c++/gitMain/CompressedCloud/build/CMakeFiles/CMakeTmp»
gmake: *** [Makefile:121: cmTC_b1ff2/fast] Ошибка 2



