Performing C SOURCE FILE Test CMAKE_HAVE_LIBC_PTHREAD failed with the following output:
Change Dir: /home/lyalyashechka/TP/c_c++/gitMAIN/CompressedCloud/project/build/CMakeFiles/CMakeTmp

Run Build Command(s):/usr/bin/gmake cmTC_ecae8/fast && /usr/bin/gmake -f CMakeFiles/cmTC_ecae8.dir/build.make CMakeFiles/cmTC_ecae8.dir/build
gmake[1]: вход в каталог «/home/lyalyashechka/TP/c_c++/gitMAIN/CompressedCloud/project/build/CMakeFiles/CMakeTmp»
Building C object CMakeFiles/cmTC_ecae8.dir/src.c.o
/usr/bin/cc   -DCMAKE_HAVE_LIBC_PTHREAD   -o CMakeFiles/cmTC_ecae8.dir/src.c.o   -c /home/lyalyashechka/TP/c_c++/gitMAIN/CompressedCloud/project/build/CMakeFiles/CMakeTmp/src.c
Linking C executable cmTC_ecae8
/usr/bin/cmake -E cmake_link_script CMakeFiles/cmTC_ecae8.dir/link.txt --verbose=1
/usr/bin/cc  -DCMAKE_HAVE_LIBC_PTHREAD    CMakeFiles/cmTC_ecae8.dir/src.c.o  -o cmTC_ecae8 
/usr/bin/ld: CMakeFiles/cmTC_ecae8.dir/src.c.o: в функции «main»:
src.c:(.text+0x46): неопределённая ссылка на «pthread_create»
/usr/bin/ld: src.c:(.text+0x52): неопределённая ссылка на «pthread_detach»
/usr/bin/ld: src.c:(.text+0x63): неопределённая ссылка на «pthread_join»
collect2: error: ld returned 1 exit status
gmake[1]: *** [CMakeFiles/cmTC_ecae8.dir/build.make:87: cmTC_ecae8] Ошибка 1
gmake[1]: выход из каталога «/home/lyalyashechka/TP/c_c++/gitMAIN/CompressedCloud/project/build/CMakeFiles/CMakeTmp»
gmake: *** [Makefile:121: cmTC_ecae8/fast] Ошибка 2


Source file was:
#include <pthread.h>

void* test_func(void* data)
{
  return data;
}

int main(void)
{
  pthread_t thread;
  pthread_create(&thread, NULL, test_func, NULL);
  pthread_detach(thread);
  pthread_join(thread, NULL);
  pthread_atfork(NULL, NULL, NULL);
  pthread_exit(NULL);

  return 0;
}

Determining if the function pthread_create exists in the pthreads failed with the following output:
Change Dir: /home/lyalyashechka/TP/c_c++/gitMAIN/CompressedCloud/project/build/CMakeFiles/CMakeTmp

Run Build Command(s):/usr/bin/gmake cmTC_37de3/fast && /usr/bin/gmake -f CMakeFiles/cmTC_37de3.dir/build.make CMakeFiles/cmTC_37de3.dir/build
gmake[1]: вход в каталог «/home/lyalyashechka/TP/c_c++/gitMAIN/CompressedCloud/project/build/CMakeFiles/CMakeTmp»
Building C object CMakeFiles/cmTC_37de3.dir/CheckFunctionExists.c.o
/usr/bin/cc   -DCHECK_FUNCTION_EXISTS=pthread_create   -o CMakeFiles/cmTC_37de3.dir/CheckFunctionExists.c.o   -c /usr/share/cmake-3.16/Modules/CheckFunctionExists.c
Linking C executable cmTC_37de3
/usr/bin/cmake -E cmake_link_script CMakeFiles/cmTC_37de3.dir/link.txt --verbose=1
/usr/bin/cc  -DCHECK_FUNCTION_EXISTS=pthread_create    CMakeFiles/cmTC_37de3.dir/CheckFunctionExists.c.o  -o cmTC_37de3  -lpthreads 
/usr/bin/ld: невозможно найти -lpthreads
collect2: error: ld returned 1 exit status
gmake[1]: *** [CMakeFiles/cmTC_37de3.dir/build.make:87: cmTC_37de3] Ошибка 1
gmake[1]: выход из каталога «/home/lyalyashechka/TP/c_c++/gitMAIN/CompressedCloud/project/build/CMakeFiles/CMakeTmp»
gmake: *** [Makefile:121: cmTC_37de3/fast] Ошибка 2



Performing C SOURCE FILE Test CMAKE_HAVE_LIBC_PTHREAD failed with the following output:
Change Dir: /home/lyalyashechka/TP/c_c++/gitMAIN/CompressedCloud/project/build/CMakeFiles/CMakeTmp

Run Build Command(s):/usr/bin/gmake cmTC_b1409/fast && /usr/bin/gmake -f CMakeFiles/cmTC_b1409.dir/build.make CMakeFiles/cmTC_b1409.dir/build
gmake[1]: вход в каталог «/home/lyalyashechka/TP/c_c++/gitMAIN/CompressedCloud/project/build/CMakeFiles/CMakeTmp»
Building C object CMakeFiles/cmTC_b1409.dir/src.c.o
/usr/bin/cc   -DCMAKE_HAVE_LIBC_PTHREAD   -o CMakeFiles/cmTC_b1409.dir/src.c.o   -c /home/lyalyashechka/TP/c_c++/gitMAIN/CompressedCloud/project/build/CMakeFiles/CMakeTmp/src.c
Linking C executable cmTC_b1409
/usr/bin/cmake -E cmake_link_script CMakeFiles/cmTC_b1409.dir/link.txt --verbose=1
/usr/bin/cc  -DCMAKE_HAVE_LIBC_PTHREAD    CMakeFiles/cmTC_b1409.dir/src.c.o  -o cmTC_b1409 
/usr/bin/ld: CMakeFiles/cmTC_b1409.dir/src.c.o: в функции «main»:
src.c:(.text+0x46): неопределённая ссылка на «pthread_create»
/usr/bin/ld: src.c:(.text+0x52): неопределённая ссылка на «pthread_detach»
/usr/bin/ld: src.c:(.text+0x63): неопределённая ссылка на «pthread_join»
collect2: error: ld returned 1 exit status
gmake[1]: *** [CMakeFiles/cmTC_b1409.dir/build.make:87: cmTC_b1409] Ошибка 1
gmake[1]: выход из каталога «/home/lyalyashechka/TP/c_c++/gitMAIN/CompressedCloud/project/build/CMakeFiles/CMakeTmp»
gmake: *** [Makefile:121: cmTC_b1409/fast] Ошибка 2


Source file was:
#include <pthread.h>

void* test_func(void* data)
{
  return data;
}

int main(void)
{
  pthread_t thread;
  pthread_create(&thread, NULL, test_func, NULL);
  pthread_detach(thread);
  pthread_join(thread, NULL);
  pthread_atfork(NULL, NULL, NULL);
  pthread_exit(NULL);

  return 0;
}

Determining if the function pthread_create exists in the pthreads failed with the following output:
Change Dir: /home/lyalyashechka/TP/c_c++/gitMAIN/CompressedCloud/project/build/CMakeFiles/CMakeTmp

Run Build Command(s):/usr/bin/gmake cmTC_616a9/fast && /usr/bin/gmake -f CMakeFiles/cmTC_616a9.dir/build.make CMakeFiles/cmTC_616a9.dir/build
gmake[1]: вход в каталог «/home/lyalyashechka/TP/c_c++/gitMAIN/CompressedCloud/project/build/CMakeFiles/CMakeTmp»
Building C object CMakeFiles/cmTC_616a9.dir/CheckFunctionExists.c.o
/usr/bin/cc   -DCHECK_FUNCTION_EXISTS=pthread_create   -o CMakeFiles/cmTC_616a9.dir/CheckFunctionExists.c.o   -c /usr/share/cmake-3.16/Modules/CheckFunctionExists.c
Linking C executable cmTC_616a9
/usr/bin/cmake -E cmake_link_script CMakeFiles/cmTC_616a9.dir/link.txt --verbose=1
/usr/bin/cc  -DCHECK_FUNCTION_EXISTS=pthread_create    CMakeFiles/cmTC_616a9.dir/CheckFunctionExists.c.o  -o cmTC_616a9  -lpthreads 
/usr/bin/ld: невозможно найти -lpthreads
collect2: error: ld returned 1 exit status
gmake[1]: *** [CMakeFiles/cmTC_616a9.dir/build.make:87: cmTC_616a9] Ошибка 1
gmake[1]: выход из каталога «/home/lyalyashechka/TP/c_c++/gitMAIN/CompressedCloud/project/build/CMakeFiles/CMakeTmp»
gmake: *** [Makefile:121: cmTC_616a9/fast] Ошибка 2



