Performing C SOURCE FILE Test CMAKE_HAVE_LIBC_PTHREAD failed with the following output:
Change Dir: /home/ilya/TechnoParkProjects/CompressedCloud/Server/build/CMakeFiles/CMakeTmp

Run Build Command(s):/usr/bin/gmake cmTC_374c5/fast && /usr/bin/gmake -f CMakeFiles/cmTC_374c5.dir/build.make CMakeFiles/cmTC_374c5.dir/build
gmake[1]: Entering directory '/home/ilya/TechnoParkProjects/CompressedCloud/Server/build/CMakeFiles/CMakeTmp'
Building C object CMakeFiles/cmTC_374c5.dir/src.c.o
/usr/bin/cc   -DCMAKE_HAVE_LIBC_PTHREAD   -o CMakeFiles/cmTC_374c5.dir/src.c.o   -c /home/ilya/TechnoParkProjects/CompressedCloud/Server/build/CMakeFiles/CMakeTmp/src.c
Linking C executable cmTC_374c5
/usr/bin/cmake -E cmake_link_script CMakeFiles/cmTC_374c5.dir/link.txt --verbose=1
/usr/bin/cc  -DCMAKE_HAVE_LIBC_PTHREAD    CMakeFiles/cmTC_374c5.dir/src.c.o  -o cmTC_374c5 
/usr/bin/ld: CMakeFiles/cmTC_374c5.dir/src.c.o: in function `main':
src.c:(.text+0x46): undefined reference to `pthread_create'
/usr/bin/ld: src.c:(.text+0x52): undefined reference to `pthread_detach'
/usr/bin/ld: src.c:(.text+0x63): undefined reference to `pthread_join'
collect2: error: ld returned 1 exit status
gmake[1]: *** [CMakeFiles/cmTC_374c5.dir/build.make:87: cmTC_374c5] Error 1
gmake[1]: Leaving directory '/home/ilya/TechnoParkProjects/CompressedCloud/Server/build/CMakeFiles/CMakeTmp'
gmake: *** [Makefile:121: cmTC_374c5/fast] Error 2


Source file was:
#include <pthread.h>

void* test_func(void* data)
{
  return data;
}

int main(void)
{
  pthread_t thread;
  pthread_create(&thread, NULL, test_func, NULL);
  pthread_detach(thread);
  pthread_join(thread, NULL);
  pthread_atfork(NULL, NULL, NULL);
  pthread_exit(NULL);

  return 0;
}

Determining if the function pthread_create exists in the pthreads failed with the following output:
Change Dir: /home/ilya/TechnoParkProjects/CompressedCloud/Server/build/CMakeFiles/CMakeTmp

Run Build Command(s):/usr/bin/gmake cmTC_6c545/fast && /usr/bin/gmake -f CMakeFiles/cmTC_6c545.dir/build.make CMakeFiles/cmTC_6c545.dir/build
gmake[1]: Entering directory '/home/ilya/TechnoParkProjects/CompressedCloud/Server/build/CMakeFiles/CMakeTmp'
Building C object CMakeFiles/cmTC_6c545.dir/CheckFunctionExists.c.o
/usr/bin/cc   -DCHECK_FUNCTION_EXISTS=pthread_create   -o CMakeFiles/cmTC_6c545.dir/CheckFunctionExists.c.o   -c /usr/share/cmake-3.16/Modules/CheckFunctionExists.c
Linking C executable cmTC_6c545
/usr/bin/cmake -E cmake_link_script CMakeFiles/cmTC_6c545.dir/link.txt --verbose=1
/usr/bin/cc  -DCHECK_FUNCTION_EXISTS=pthread_create    CMakeFiles/cmTC_6c545.dir/CheckFunctionExists.c.o  -o cmTC_6c545  -lpthreads 
/usr/bin/ld: cannot find -lpthreads
collect2: error: ld returned 1 exit status
gmake[1]: *** [CMakeFiles/cmTC_6c545.dir/build.make:87: cmTC_6c545] Error 1
gmake[1]: Leaving directory '/home/ilya/TechnoParkProjects/CompressedCloud/Server/build/CMakeFiles/CMakeTmp'
gmake: *** [Makefile:121: cmTC_6c545/fast] Error 2



