Performing C SOURCE FILE Test CMAKE_HAVE_LIBC_PTHREAD failed with the following output:
Change Dir: /home/lida/CloudProject/CompressedCloud/project/DataBases/PostgresDB/build/CMakeFiles/CMakeTmp

Run Build Command(s):/usr/bin/make cmTC_89eef/fast && /usr/bin/make -f CMakeFiles/cmTC_89eef.dir/build.make CMakeFiles/cmTC_89eef.dir/build
make[1]: вход в каталог «/home/lida/CloudProject/CompressedCloud/project/DataBases/PostgresDB/build/CMakeFiles/CMakeTmp»
Building C object CMakeFiles/cmTC_89eef.dir/src.c.o
/usr/bin/cc   -DCMAKE_HAVE_LIBC_PTHREAD   -o CMakeFiles/cmTC_89eef.dir/src.c.o   -c /home/lida/CloudProject/CompressedCloud/project/DataBases/PostgresDB/build/CMakeFiles/CMakeTmp/src.c
Linking C executable cmTC_89eef
/usr/bin/cmake -E cmake_link_script CMakeFiles/cmTC_89eef.dir/link.txt --verbose=1
/usr/bin/cc  -DCMAKE_HAVE_LIBC_PTHREAD    CMakeFiles/cmTC_89eef.dir/src.c.o  -o cmTC_89eef 
/usr/bin/ld: CMakeFiles/cmTC_89eef.dir/src.c.o: в функции «main»:
src.c:(.text+0x46): неопределённая ссылка на «pthread_create»
/usr/bin/ld: src.c:(.text+0x52): неопределённая ссылка на «pthread_detach»
/usr/bin/ld: src.c:(.text+0x63): неопределённая ссылка на «pthread_join»
collect2: error: ld returned 1 exit status
make[1]: *** [CMakeFiles/cmTC_89eef.dir/build.make:87: cmTC_89eef] Ошибка 1
make[1]: выход из каталога «/home/lida/CloudProject/CompressedCloud/project/DataBases/PostgresDB/build/CMakeFiles/CMakeTmp»
make: *** [Makefile:121: cmTC_89eef/fast] Ошибка 2


Source file was:
#include <pthread.h>

void* test_func(void* data)
{
  return data;
}

int main(void)
{
  pthread_t thread;
  pthread_create(&thread, NULL, test_func, NULL);
  pthread_detach(thread);
  pthread_join(thread, NULL);
  pthread_atfork(NULL, NULL, NULL);
  pthread_exit(NULL);

  return 0;
}

Determining if the function pthread_create exists in the pthreads failed with the following output:
Change Dir: /home/lida/CloudProject/CompressedCloud/project/DataBases/PostgresDB/build/CMakeFiles/CMakeTmp

Run Build Command(s):/usr/bin/make cmTC_b1941/fast && /usr/bin/make -f CMakeFiles/cmTC_b1941.dir/build.make CMakeFiles/cmTC_b1941.dir/build
make[1]: вход в каталог «/home/lida/CloudProject/CompressedCloud/project/DataBases/PostgresDB/build/CMakeFiles/CMakeTmp»
Building C object CMakeFiles/cmTC_b1941.dir/CheckFunctionExists.c.o
/usr/bin/cc   -DCHECK_FUNCTION_EXISTS=pthread_create   -o CMakeFiles/cmTC_b1941.dir/CheckFunctionExists.c.o   -c /usr/share/cmake-3.16/Modules/CheckFunctionExists.c
Linking C executable cmTC_b1941
/usr/bin/cmake -E cmake_link_script CMakeFiles/cmTC_b1941.dir/link.txt --verbose=1
/usr/bin/cc  -DCHECK_FUNCTION_EXISTS=pthread_create    CMakeFiles/cmTC_b1941.dir/CheckFunctionExists.c.o  -o cmTC_b1941  -lpthreads 
/usr/bin/ld: невозможно найти -lpthreads
collect2: error: ld returned 1 exit status
make[1]: *** [CMakeFiles/cmTC_b1941.dir/build.make:87: cmTC_b1941] Ошибка 1
make[1]: выход из каталога «/home/lida/CloudProject/CompressedCloud/project/DataBases/PostgresDB/build/CMakeFiles/CMakeTmp»
make: *** [Makefile:121: cmTC_b1941/fast] Ошибка 2



Performing C SOURCE FILE Test CMAKE_HAVE_LIBC_PTHREAD failed with the following output:
Change Dir: /home/lida/CloudProject/CompressedCloud/project/DataBases/PostgresDB/build/CMakeFiles/CMakeTmp

Run Build Command(s):/usr/bin/make cmTC_46181/fast && /usr/bin/make -f CMakeFiles/cmTC_46181.dir/build.make CMakeFiles/cmTC_46181.dir/build
make[1]: вход в каталог «/home/lida/CloudProject/CompressedCloud/project/DataBases/PostgresDB/build/CMakeFiles/CMakeTmp»
Building C object CMakeFiles/cmTC_46181.dir/src.c.o
/usr/bin/cc   -DCMAKE_HAVE_LIBC_PTHREAD   -o CMakeFiles/cmTC_46181.dir/src.c.o   -c /home/lida/CloudProject/CompressedCloud/project/DataBases/PostgresDB/build/CMakeFiles/CMakeTmp/src.c
Linking C executable cmTC_46181
/usr/bin/cmake -E cmake_link_script CMakeFiles/cmTC_46181.dir/link.txt --verbose=1
/usr/bin/cc  -DCMAKE_HAVE_LIBC_PTHREAD    CMakeFiles/cmTC_46181.dir/src.c.o  -o cmTC_46181 
/usr/bin/ld: CMakeFiles/cmTC_46181.dir/src.c.o: в функции «main»:
src.c:(.text+0x46): неопределённая ссылка на «pthread_create»
/usr/bin/ld: src.c:(.text+0x52): неопределённая ссылка на «pthread_detach»
/usr/bin/ld: src.c:(.text+0x63): неопределённая ссылка на «pthread_join»
collect2: error: ld returned 1 exit status
make[1]: *** [CMakeFiles/cmTC_46181.dir/build.make:87: cmTC_46181] Ошибка 1
make[1]: выход из каталога «/home/lida/CloudProject/CompressedCloud/project/DataBases/PostgresDB/build/CMakeFiles/CMakeTmp»
make: *** [Makefile:121: cmTC_46181/fast] Ошибка 2


Source file was:
#include <pthread.h>

void* test_func(void* data)
{
  return data;
}

int main(void)
{
  pthread_t thread;
  pthread_create(&thread, NULL, test_func, NULL);
  pthread_detach(thread);
  pthread_join(thread, NULL);
  pthread_atfork(NULL, NULL, NULL);
  pthread_exit(NULL);

  return 0;
}

Determining if the function pthread_create exists in the pthreads failed with the following output:
Change Dir: /home/lida/CloudProject/CompressedCloud/project/DataBases/PostgresDB/build/CMakeFiles/CMakeTmp

Run Build Command(s):/usr/bin/make cmTC_271cf/fast && /usr/bin/make -f CMakeFiles/cmTC_271cf.dir/build.make CMakeFiles/cmTC_271cf.dir/build
make[1]: вход в каталог «/home/lida/CloudProject/CompressedCloud/project/DataBases/PostgresDB/build/CMakeFiles/CMakeTmp»
Building C object CMakeFiles/cmTC_271cf.dir/CheckFunctionExists.c.o
/usr/bin/cc   -DCHECK_FUNCTION_EXISTS=pthread_create   -o CMakeFiles/cmTC_271cf.dir/CheckFunctionExists.c.o   -c /usr/share/cmake-3.16/Modules/CheckFunctionExists.c
Linking C executable cmTC_271cf
/usr/bin/cmake -E cmake_link_script CMakeFiles/cmTC_271cf.dir/link.txt --verbose=1
/usr/bin/cc  -DCHECK_FUNCTION_EXISTS=pthread_create    CMakeFiles/cmTC_271cf.dir/CheckFunctionExists.c.o  -o cmTC_271cf  -lpthreads 
/usr/bin/ld: невозможно найти -lpthreads
collect2: error: ld returned 1 exit status
make[1]: *** [CMakeFiles/cmTC_271cf.dir/build.make:87: cmTC_271cf] Ошибка 1
make[1]: выход из каталога «/home/lida/CloudProject/CompressedCloud/project/DataBases/PostgresDB/build/CMakeFiles/CMakeTmp»
make: *** [Makefile:121: cmTC_271cf/fast] Ошибка 2



Performing C SOURCE FILE Test CMAKE_HAVE_LIBC_PTHREAD failed with the following output:
Change Dir: /home/lida/CloudProject/CompressedCloud/project/DataBases/PostgresDB/build/CMakeFiles/CMakeTmp

Run Build Command(s):/usr/bin/make cmTC_78c09/fast && /usr/bin/make -f CMakeFiles/cmTC_78c09.dir/build.make CMakeFiles/cmTC_78c09.dir/build
make[1]: вход в каталог «/home/lida/CloudProject/CompressedCloud/project/DataBases/PostgresDB/build/CMakeFiles/CMakeTmp»
Building C object CMakeFiles/cmTC_78c09.dir/src.c.o
/usr/bin/cc   -DCMAKE_HAVE_LIBC_PTHREAD   -o CMakeFiles/cmTC_78c09.dir/src.c.o   -c /home/lida/CloudProject/CompressedCloud/project/DataBases/PostgresDB/build/CMakeFiles/CMakeTmp/src.c
Linking C executable cmTC_78c09
/usr/bin/cmake -E cmake_link_script CMakeFiles/cmTC_78c09.dir/link.txt --verbose=1
/usr/bin/cc  -DCMAKE_HAVE_LIBC_PTHREAD    CMakeFiles/cmTC_78c09.dir/src.c.o  -o cmTC_78c09 
/usr/bin/ld: CMakeFiles/cmTC_78c09.dir/src.c.o: в функции «main»:
src.c:(.text+0x46): неопределённая ссылка на «pthread_create»
/usr/bin/ld: src.c:(.text+0x52): неопределённая ссылка на «pthread_detach»
/usr/bin/ld: src.c:(.text+0x63): неопределённая ссылка на «pthread_join»
collect2: error: ld returned 1 exit status
make[1]: *** [CMakeFiles/cmTC_78c09.dir/build.make:87: cmTC_78c09] Ошибка 1
make[1]: выход из каталога «/home/lida/CloudProject/CompressedCloud/project/DataBases/PostgresDB/build/CMakeFiles/CMakeTmp»
make: *** [Makefile:121: cmTC_78c09/fast] Ошибка 2


Source file was:
#include <pthread.h>

void* test_func(void* data)
{
  return data;
}

int main(void)
{
  pthread_t thread;
  pthread_create(&thread, NULL, test_func, NULL);
  pthread_detach(thread);
  pthread_join(thread, NULL);
  pthread_atfork(NULL, NULL, NULL);
  pthread_exit(NULL);

  return 0;
}

Determining if the function pthread_create exists in the pthreads failed with the following output:
Change Dir: /home/lida/CloudProject/CompressedCloud/project/DataBases/PostgresDB/build/CMakeFiles/CMakeTmp

Run Build Command(s):/usr/bin/make cmTC_c3602/fast && /usr/bin/make -f CMakeFiles/cmTC_c3602.dir/build.make CMakeFiles/cmTC_c3602.dir/build
make[1]: вход в каталог «/home/lida/CloudProject/CompressedCloud/project/DataBases/PostgresDB/build/CMakeFiles/CMakeTmp»
Building C object CMakeFiles/cmTC_c3602.dir/CheckFunctionExists.c.o
/usr/bin/cc   -DCHECK_FUNCTION_EXISTS=pthread_create   -o CMakeFiles/cmTC_c3602.dir/CheckFunctionExists.c.o   -c /usr/share/cmake-3.16/Modules/CheckFunctionExists.c
Linking C executable cmTC_c3602
/usr/bin/cmake -E cmake_link_script CMakeFiles/cmTC_c3602.dir/link.txt --verbose=1
/usr/bin/cc  -DCHECK_FUNCTION_EXISTS=pthread_create    CMakeFiles/cmTC_c3602.dir/CheckFunctionExists.c.o  -o cmTC_c3602  -lpthreads 
/usr/bin/ld: невозможно найти -lpthreads
collect2: error: ld returned 1 exit status
make[1]: *** [CMakeFiles/cmTC_c3602.dir/build.make:87: cmTC_c3602] Ошибка 1
make[1]: выход из каталога «/home/lida/CloudProject/CompressedCloud/project/DataBases/PostgresDB/build/CMakeFiles/CMakeTmp»
make: *** [Makefile:121: cmTC_c3602/fast] Ошибка 2



Performing C SOURCE FILE Test CMAKE_HAVE_LIBC_PTHREAD failed with the following output:
Change Dir: /home/lyalyashechka/TP/c_c++/gitMAIN/CompressedCloud/project/DataBases/PostgresDB/build/CMakeFiles/CMakeTmp

Run Build Command(s):/usr/bin/gmake cmTC_f4f61/fast && /usr/bin/gmake -f CMakeFiles/cmTC_f4f61.dir/build.make CMakeFiles/cmTC_f4f61.dir/build
gmake[1]: вход в каталог «/home/lyalyashechka/TP/c_c++/gitMAIN/CompressedCloud/project/DataBases/PostgresDB/build/CMakeFiles/CMakeTmp»
Building C object CMakeFiles/cmTC_f4f61.dir/src.c.o
/usr/bin/cc   -DCMAKE_HAVE_LIBC_PTHREAD   -o CMakeFiles/cmTC_f4f61.dir/src.c.o   -c /home/lyalyashechka/TP/c_c++/gitMAIN/CompressedCloud/project/DataBases/PostgresDB/build/CMakeFiles/CMakeTmp/src.c
Linking C executable cmTC_f4f61
/usr/bin/cmake -E cmake_link_script CMakeFiles/cmTC_f4f61.dir/link.txt --verbose=1
/usr/bin/cc  -DCMAKE_HAVE_LIBC_PTHREAD    CMakeFiles/cmTC_f4f61.dir/src.c.o  -o cmTC_f4f61 
/usr/bin/ld: CMakeFiles/cmTC_f4f61.dir/src.c.o: в функции «main»:
src.c:(.text+0x46): неопределённая ссылка на «pthread_create»
/usr/bin/ld: src.c:(.text+0x52): неопределённая ссылка на «pthread_detach»
/usr/bin/ld: src.c:(.text+0x63): неопределённая ссылка на «pthread_join»
collect2: error: ld returned 1 exit status
gmake[1]: *** [CMakeFiles/cmTC_f4f61.dir/build.make:87: cmTC_f4f61] Ошибка 1
gmake[1]: выход из каталога «/home/lyalyashechka/TP/c_c++/gitMAIN/CompressedCloud/project/DataBases/PostgresDB/build/CMakeFiles/CMakeTmp»
gmake: *** [Makefile:121: cmTC_f4f61/fast] Ошибка 2


Source file was:
#include <pthread.h>

void* test_func(void* data)
{
  return data;
}

int main(void)
{
  pthread_t thread;
  pthread_create(&thread, NULL, test_func, NULL);
  pthread_detach(thread);
  pthread_join(thread, NULL);
  pthread_atfork(NULL, NULL, NULL);
  pthread_exit(NULL);

  return 0;
}

Determining if the function pthread_create exists in the pthreads failed with the following output:
Change Dir: /home/lyalyashechka/TP/c_c++/gitMAIN/CompressedCloud/project/DataBases/PostgresDB/build/CMakeFiles/CMakeTmp

Run Build Command(s):/usr/bin/gmake cmTC_71304/fast && /usr/bin/gmake -f CMakeFiles/cmTC_71304.dir/build.make CMakeFiles/cmTC_71304.dir/build
gmake[1]: вход в каталог «/home/lyalyashechka/TP/c_c++/gitMAIN/CompressedCloud/project/DataBases/PostgresDB/build/CMakeFiles/CMakeTmp»
Building C object CMakeFiles/cmTC_71304.dir/CheckFunctionExists.c.o
/usr/bin/cc   -DCHECK_FUNCTION_EXISTS=pthread_create   -o CMakeFiles/cmTC_71304.dir/CheckFunctionExists.c.o   -c /usr/share/cmake-3.16/Modules/CheckFunctionExists.c
Linking C executable cmTC_71304
/usr/bin/cmake -E cmake_link_script CMakeFiles/cmTC_71304.dir/link.txt --verbose=1
/usr/bin/cc  -DCHECK_FUNCTION_EXISTS=pthread_create    CMakeFiles/cmTC_71304.dir/CheckFunctionExists.c.o  -o cmTC_71304  -lpthreads 
/usr/bin/ld: невозможно найти -lpthreads
collect2: error: ld returned 1 exit status
gmake[1]: *** [CMakeFiles/cmTC_71304.dir/build.make:87: cmTC_71304] Ошибка 1
gmake[1]: выход из каталога «/home/lyalyashechka/TP/c_c++/gitMAIN/CompressedCloud/project/DataBases/PostgresDB/build/CMakeFiles/CMakeTmp»
gmake: *** [Makefile:121: cmTC_71304/fast] Ошибка 2



Performing C SOURCE FILE Test CMAKE_HAVE_LIBC_PTHREAD failed with the following output:
Change Dir: /home/lyalyashechka/TP/c_c++/gitMAIN/CompressedCloud/project/DataBases/PostgresDB/build/CMakeFiles/CMakeTmp

Run Build Command(s):/usr/bin/gmake cmTC_746d2/fast && /usr/bin/gmake -f CMakeFiles/cmTC_746d2.dir/build.make CMakeFiles/cmTC_746d2.dir/build
gmake[1]: вход в каталог «/home/lyalyashechka/TP/c_c++/gitMAIN/CompressedCloud/project/DataBases/PostgresDB/build/CMakeFiles/CMakeTmp»
Building C object CMakeFiles/cmTC_746d2.dir/src.c.o
/usr/bin/cc   -DCMAKE_HAVE_LIBC_PTHREAD   -o CMakeFiles/cmTC_746d2.dir/src.c.o   -c /home/lyalyashechka/TP/c_c++/gitMAIN/CompressedCloud/project/DataBases/PostgresDB/build/CMakeFiles/CMakeTmp/src.c
Linking C executable cmTC_746d2
/usr/bin/cmake -E cmake_link_script CMakeFiles/cmTC_746d2.dir/link.txt --verbose=1
/usr/bin/cc  -DCMAKE_HAVE_LIBC_PTHREAD    CMakeFiles/cmTC_746d2.dir/src.c.o  -o cmTC_746d2 
/usr/bin/ld: CMakeFiles/cmTC_746d2.dir/src.c.o: в функции «main»:
src.c:(.text+0x46): неопределённая ссылка на «pthread_create»
/usr/bin/ld: src.c:(.text+0x52): неопределённая ссылка на «pthread_detach»
/usr/bin/ld: src.c:(.text+0x63): неопределённая ссылка на «pthread_join»
collect2: error: ld returned 1 exit status
gmake[1]: *** [CMakeFiles/cmTC_746d2.dir/build.make:87: cmTC_746d2] Ошибка 1
gmake[1]: выход из каталога «/home/lyalyashechka/TP/c_c++/gitMAIN/CompressedCloud/project/DataBases/PostgresDB/build/CMakeFiles/CMakeTmp»
gmake: *** [Makefile:121: cmTC_746d2/fast] Ошибка 2


Source file was:
#include <pthread.h>

void* test_func(void* data)
{
  return data;
}

int main(void)
{
  pthread_t thread;
  pthread_create(&thread, NULL, test_func, NULL);
  pthread_detach(thread);
  pthread_join(thread, NULL);
  pthread_atfork(NULL, NULL, NULL);
  pthread_exit(NULL);

  return 0;
}

Determining if the function pthread_create exists in the pthreads failed with the following output:
Change Dir: /home/lyalyashechka/TP/c_c++/gitMAIN/CompressedCloud/project/DataBases/PostgresDB/build/CMakeFiles/CMakeTmp

Run Build Command(s):/usr/bin/gmake cmTC_67607/fast && /usr/bin/gmake -f CMakeFiles/cmTC_67607.dir/build.make CMakeFiles/cmTC_67607.dir/build
gmake[1]: вход в каталог «/home/lyalyashechka/TP/c_c++/gitMAIN/CompressedCloud/project/DataBases/PostgresDB/build/CMakeFiles/CMakeTmp»
Building C object CMakeFiles/cmTC_67607.dir/CheckFunctionExists.c.o
/usr/bin/cc   -DCHECK_FUNCTION_EXISTS=pthread_create   -o CMakeFiles/cmTC_67607.dir/CheckFunctionExists.c.o   -c /usr/share/cmake-3.16/Modules/CheckFunctionExists.c
Linking C executable cmTC_67607
/usr/bin/cmake -E cmake_link_script CMakeFiles/cmTC_67607.dir/link.txt --verbose=1
/usr/bin/cc  -DCHECK_FUNCTION_EXISTS=pthread_create    CMakeFiles/cmTC_67607.dir/CheckFunctionExists.c.o  -o cmTC_67607  -lpthreads 
/usr/bin/ld: невозможно найти -lpthreads
collect2: error: ld returned 1 exit status
gmake[1]: *** [CMakeFiles/cmTC_67607.dir/build.make:87: cmTC_67607] Ошибка 1
gmake[1]: выход из каталога «/home/lyalyashechka/TP/c_c++/gitMAIN/CompressedCloud/project/DataBases/PostgresDB/build/CMakeFiles/CMakeTmp»
gmake: *** [Makefile:121: cmTC_67607/fast] Ошибка 2



