Performing C SOURCE FILE Test CMAKE_HAVE_LIBC_PTHREAD failed with the following output:
Change Dir: /home/ilya/TechnoparkProjects/Client/build/CMakeFiles/CMakeTmp

Run Build Command(s):/usr/bin/make cmTC_8e9dd/fast && /usr/bin/make -f CMakeFiles/cmTC_8e9dd.dir/build.make CMakeFiles/cmTC_8e9dd.dir/build
make[1]: Entering directory '/home/ilya/TechnoparkProjects/Client/build/CMakeFiles/CMakeTmp'
Building C object CMakeFiles/cmTC_8e9dd.dir/src.c.o
/usr/bin/cc   -fpic -DCMAKE_HAVE_LIBC_PTHREAD   -o CMakeFiles/cmTC_8e9dd.dir/src.c.o   -c /home/ilya/TechnoparkProjects/Client/build/CMakeFiles/CMakeTmp/src.c
Linking C executable cmTC_8e9dd
/usr/bin/cmake -E cmake_link_script CMakeFiles/cmTC_8e9dd.dir/link.txt --verbose=1
/usr/bin/cc  -fpic -DCMAKE_HAVE_LIBC_PTHREAD    CMakeFiles/cmTC_8e9dd.dir/src.c.o  -o cmTC_8e9dd 
/usr/bin/ld: CMakeFiles/cmTC_8e9dd.dir/src.c.o: in function `main':
src.c:(.text+0x46): undefined reference to `pthread_create'
/usr/bin/ld: src.c:(.text+0x52): undefined reference to `pthread_detach'
/usr/bin/ld: src.c:(.text+0x63): undefined reference to `pthread_join'
collect2: error: ld returned 1 exit status
make[1]: *** [CMakeFiles/cmTC_8e9dd.dir/build.make:87: cmTC_8e9dd] Error 1
make[1]: Leaving directory '/home/ilya/TechnoparkProjects/Client/build/CMakeFiles/CMakeTmp'
make: *** [Makefile:121: cmTC_8e9dd/fast] Error 2


Source file was:
#include <pthread.h>

void* test_func(void* data)
{
  return data;
}

int main(void)
{
  pthread_t thread;
  pthread_create(&thread, NULL, test_func, NULL);
  pthread_detach(thread);
  pthread_join(thread, NULL);
  pthread_atfork(NULL, NULL, NULL);
  pthread_exit(NULL);

  return 0;
}

Determining if the function pthread_create exists in the pthreads failed with the following output:
Change Dir: /home/ilya/TechnoparkProjects/Client/build/CMakeFiles/CMakeTmp

Run Build Command(s):/usr/bin/make cmTC_e86b5/fast && /usr/bin/make -f CMakeFiles/cmTC_e86b5.dir/build.make CMakeFiles/cmTC_e86b5.dir/build
make[1]: Entering directory '/home/ilya/TechnoparkProjects/Client/build/CMakeFiles/CMakeTmp'
Building C object CMakeFiles/cmTC_e86b5.dir/CheckFunctionExists.c.o
/usr/bin/cc   -fpic -DCHECK_FUNCTION_EXISTS=pthread_create   -o CMakeFiles/cmTC_e86b5.dir/CheckFunctionExists.c.o   -c /usr/share/cmake-3.16/Modules/CheckFunctionExists.c
Linking C executable cmTC_e86b5
/usr/bin/cmake -E cmake_link_script CMakeFiles/cmTC_e86b5.dir/link.txt --verbose=1
/usr/bin/cc  -fpic -DCHECK_FUNCTION_EXISTS=pthread_create    CMakeFiles/cmTC_e86b5.dir/CheckFunctionExists.c.o  -o cmTC_e86b5  -lpthreads 
/usr/bin/ld: cannot find -lpthreads
collect2: error: ld returned 1 exit status
make[1]: *** [CMakeFiles/cmTC_e86b5.dir/build.make:87: cmTC_e86b5] Error 1
make[1]: Leaving directory '/home/ilya/TechnoparkProjects/Client/build/CMakeFiles/CMakeTmp'
make: *** [Makefile:121: cmTC_e86b5/fast] Error 2



Performing C SOURCE FILE Test CMAKE_HAVE_LIBC_PTHREAD failed with the following output:
Change Dir: /home/lyalyashechka/TP/c_c++/gitMain/CompressedCloud/Client/build/CMakeFiles/CMakeTmp

Run Build Command(s):/usr/bin/gmake cmTC_8927d/fast && /usr/bin/gmake -f CMakeFiles/cmTC_8927d.dir/build.make CMakeFiles/cmTC_8927d.dir/build
gmake[1]: вход в каталог «/home/lyalyashechka/TP/c_c++/gitMain/CompressedCloud/Client/build/CMakeFiles/CMakeTmp»
Building C object CMakeFiles/cmTC_8927d.dir/src.c.o
/usr/bin/cc   -DCMAKE_HAVE_LIBC_PTHREAD   -o CMakeFiles/cmTC_8927d.dir/src.c.o   -c /home/lyalyashechka/TP/c_c++/gitMain/CompressedCloud/Client/build/CMakeFiles/CMakeTmp/src.c
Linking C executable cmTC_8927d
/usr/bin/cmake -E cmake_link_script CMakeFiles/cmTC_8927d.dir/link.txt --verbose=1
/usr/bin/cc  -DCMAKE_HAVE_LIBC_PTHREAD    CMakeFiles/cmTC_8927d.dir/src.c.o  -o cmTC_8927d 
/usr/bin/ld: CMakeFiles/cmTC_8927d.dir/src.c.o: в функции «main»:
src.c:(.text+0x46): неопределённая ссылка на «pthread_create»
/usr/bin/ld: src.c:(.text+0x52): неопределённая ссылка на «pthread_detach»
/usr/bin/ld: src.c:(.text+0x63): неопределённая ссылка на «pthread_join»
collect2: error: ld returned 1 exit status
gmake[1]: *** [CMakeFiles/cmTC_8927d.dir/build.make:87: cmTC_8927d] Ошибка 1
gmake[1]: выход из каталога «/home/lyalyashechka/TP/c_c++/gitMain/CompressedCloud/Client/build/CMakeFiles/CMakeTmp»
gmake: *** [Makefile:121: cmTC_8927d/fast] Ошибка 2


Source file was:
#include <pthread.h>

void* test_func(void* data)
{
  return data;
}

int main(void)
{
  pthread_t thread;
  pthread_create(&thread, NULL, test_func, NULL);
  pthread_detach(thread);
  pthread_join(thread, NULL);
  pthread_atfork(NULL, NULL, NULL);
  pthread_exit(NULL);

  return 0;
}

Determining if the function pthread_create exists in the pthreads failed with the following output:
Change Dir: /home/lyalyashechka/TP/c_c++/gitMain/CompressedCloud/Client/build/CMakeFiles/CMakeTmp

Run Build Command(s):/usr/bin/gmake cmTC_501e1/fast && /usr/bin/gmake -f CMakeFiles/cmTC_501e1.dir/build.make CMakeFiles/cmTC_501e1.dir/build
gmake[1]: вход в каталог «/home/lyalyashechka/TP/c_c++/gitMain/CompressedCloud/Client/build/CMakeFiles/CMakeTmp»
Building C object CMakeFiles/cmTC_501e1.dir/CheckFunctionExists.c.o
/usr/bin/cc   -DCHECK_FUNCTION_EXISTS=pthread_create   -o CMakeFiles/cmTC_501e1.dir/CheckFunctionExists.c.o   -c /usr/share/cmake-3.16/Modules/CheckFunctionExists.c
Linking C executable cmTC_501e1
/usr/bin/cmake -E cmake_link_script CMakeFiles/cmTC_501e1.dir/link.txt --verbose=1
/usr/bin/cc  -DCHECK_FUNCTION_EXISTS=pthread_create    CMakeFiles/cmTC_501e1.dir/CheckFunctionExists.c.o  -o cmTC_501e1  -lpthreads 
/usr/bin/ld: невозможно найти -lpthreads
collect2: error: ld returned 1 exit status
gmake[1]: *** [CMakeFiles/cmTC_501e1.dir/build.make:87: cmTC_501e1] Ошибка 1
gmake[1]: выход из каталога «/home/lyalyashechka/TP/c_c++/gitMain/CompressedCloud/Client/build/CMakeFiles/CMakeTmp»
gmake: *** [Makefile:121: cmTC_501e1/fast] Ошибка 2



Performing C SOURCE FILE Test CMAKE_HAVE_LIBC_PTHREAD failed with the following output:
Change Dir: /home/lyalyashechka/TP/c_c++/Project main/project/Client/build/CMakeFiles/CMakeTmp

Run Build Command(s):/usr/bin/gmake cmTC_a56cf/fast && /usr/bin/gmake -f CMakeFiles/cmTC_a56cf.dir/build.make CMakeFiles/cmTC_a56cf.dir/build
gmake[1]: вход в каталог «/home/lyalyashechka/TP/c_c++/Project main/project/Client/build/CMakeFiles/CMakeTmp»
Building C object CMakeFiles/cmTC_a56cf.dir/src.c.o
/usr/bin/cc   -DCMAKE_HAVE_LIBC_PTHREAD   -o CMakeFiles/cmTC_a56cf.dir/src.c.o   -c "/home/lyalyashechka/TP/c_c++/Project main/project/Client/build/CMakeFiles/CMakeTmp/src.c"
Linking C executable cmTC_a56cf
/usr/bin/cmake -E cmake_link_script CMakeFiles/cmTC_a56cf.dir/link.txt --verbose=1
/usr/bin/cc  -DCMAKE_HAVE_LIBC_PTHREAD    CMakeFiles/cmTC_a56cf.dir/src.c.o  -o cmTC_a56cf 
/usr/bin/ld: CMakeFiles/cmTC_a56cf.dir/src.c.o: в функции «main»:
src.c:(.text+0x46): неопределённая ссылка на «pthread_create»
/usr/bin/ld: src.c:(.text+0x52): неопределённая ссылка на «pthread_detach»
/usr/bin/ld: src.c:(.text+0x63): неопределённая ссылка на «pthread_join»
collect2: error: ld returned 1 exit status
gmake[1]: *** [CMakeFiles/cmTC_a56cf.dir/build.make:87: cmTC_a56cf] Ошибка 1
gmake[1]: выход из каталога «/home/lyalyashechka/TP/c_c++/Project main/project/Client/build/CMakeFiles/CMakeTmp»
gmake: *** [Makefile:121: cmTC_a56cf/fast] Ошибка 2


Source file was:
#include <pthread.h>

void* test_func(void* data)
{
  return data;
}

int main(void)
{
  pthread_t thread;
  pthread_create(&thread, NULL, test_func, NULL);
  pthread_detach(thread);
  pthread_join(thread, NULL);
  pthread_atfork(NULL, NULL, NULL);
  pthread_exit(NULL);

  return 0;
}

Determining if the function pthread_create exists in the pthreads failed with the following output:
Change Dir: /home/lyalyashechka/TP/c_c++/Project main/project/Client/build/CMakeFiles/CMakeTmp

Run Build Command(s):/usr/bin/gmake cmTC_7d6a5/fast && /usr/bin/gmake -f CMakeFiles/cmTC_7d6a5.dir/build.make CMakeFiles/cmTC_7d6a5.dir/build
gmake[1]: вход в каталог «/home/lyalyashechka/TP/c_c++/Project main/project/Client/build/CMakeFiles/CMakeTmp»
Building C object CMakeFiles/cmTC_7d6a5.dir/CheckFunctionExists.c.o
/usr/bin/cc   -DCHECK_FUNCTION_EXISTS=pthread_create   -o CMakeFiles/cmTC_7d6a5.dir/CheckFunctionExists.c.o   -c /usr/share/cmake-3.16/Modules/CheckFunctionExists.c
Linking C executable cmTC_7d6a5
/usr/bin/cmake -E cmake_link_script CMakeFiles/cmTC_7d6a5.dir/link.txt --verbose=1
/usr/bin/cc  -DCHECK_FUNCTION_EXISTS=pthread_create    CMakeFiles/cmTC_7d6a5.dir/CheckFunctionExists.c.o  -o cmTC_7d6a5  -lpthreads 
/usr/bin/ld: невозможно найти -lpthreads
collect2: error: ld returned 1 exit status
gmake[1]: *** [CMakeFiles/cmTC_7d6a5.dir/build.make:87: cmTC_7d6a5] Ошибка 1
gmake[1]: выход из каталога «/home/lyalyashechka/TP/c_c++/Project main/project/Client/build/CMakeFiles/CMakeTmp»
gmake: *** [Makefile:121: cmTC_7d6a5/fast] Ошибка 2



